TN:
SF:electron/db/index.js
FN:7,getDb
FNF:1
FNH:0
FNDA:0,getDb
DA:1,0
DA:2,0
DA:3,0
DA:8,0
DA:9,0
DA:10,0
DA:11,0
DA:12,0
DA:14,0
DA:17,0
LF:10
LH:0
BRDA:8,0,0,0
BRDA:8,0,1,0
BRF:2
BRH:0
end_of_record
TN:
SF:electron/db/migrations.js
FN:1,runMigrations
FNF:1
FNH:0
FNDA:0,runMigrations
DA:2,0
DA:48,0
DA:49,0
DA:51,0
DA:52,0
DA:54,0
DA:55,0
DA:57,0
DA:58,0
DA:60,0
DA:61,0
DA:63,0
DA:64,0
DA:66,0
DA:67,0
DA:69,0
DA:70,0
DA:72,0
DA:73,0
DA:75,0
DA:76,0
DA:80,0
LF:22
LH:0
BRF:0
BRH:0
end_of_record
TN:
SF:electron/db/queries/media.js
FN:1,getMedia
FN:5,getMediaFolders
FN:9,createMediaFolder
FN:18,updateMediaFolder
FN:34,deleteMediaFolder
FN:35,(anonymous_5)
FN:42,createMedia
FN:63,updateMedia
FN:89,deleteMedia
FNF:9
FNH:0
FNDA:0,getMedia
FNDA:0,getMediaFolders
FNDA:0,createMediaFolder
FNDA:0,updateMediaFolder
FNDA:0,deleteMediaFolder
FNDA:0,(anonymous_5)
FNDA:0,createMedia
FNDA:0,updateMedia
FNDA:0,deleteMedia
DA:2,0
DA:6,0
DA:10,0
DA:14,0
DA:15,0
DA:19,0
DA:20,0
DA:22,0
DA:23,0
DA:31,0
DA:35,0
DA:36,0
DA:37,0
DA:39,0
DA:46,0
DA:50,0
DA:60,0
DA:64,0
DA:65,0
DA:67,0
DA:68,0
DA:86,0
DA:90,0
DA:93,0
LF:24
LH:0
BRDA:18,0,0,0
BRDA:20,1,0,0
BRDA:20,1,1,0
BRDA:54,2,0,0
BRDA:54,2,1,0
BRDA:55,3,0,0
BRDA:55,3,1,0
BRDA:56,4,0,0
BRDA:56,4,1,0
BRDA:57,5,0,0
BRDA:57,5,1,0
BRDA:58,6,0,0
BRDA:58,6,1,0
BRDA:63,7,0,0
BRDA:65,8,0,0
BRDA:65,8,1,0
BRDA:78,9,0,0
BRDA:78,9,1,0
BRDA:79,10,0,0
BRDA:79,10,1,0
BRDA:80,11,0,0
BRDA:80,11,1,0
BRDA:81,12,0,0
BRDA:81,12,1,0
BRDA:82,13,0,0
BRDA:82,13,1,0
BRF:26
BRH:0
end_of_record
TN:
SF:electron/db/queries/presentations.js
FN:1,getPresentations
FN:5,getPresentation
FN:10,createPresentation
FN:47,updatePresentation
FN:87,touchPresentation
FN:98,deletePresentation
FN:102,parse
FNF:7
FNH:0
FNDA:0,getPresentations
FNDA:0,getPresentation
FNDA:0,createPresentation
FNDA:0,updatePresentation
FNDA:0,touchPresentation
FNDA:0,deletePresentation
FNDA:0,parse
DA:2,0
DA:6,0
DA:7,0
DA:25,0
DA:36,0
DA:44,0
DA:63,0
DA:84,0
DA:88,0
DA:95,0
DA:99,0
DA:103,0
DA:104,0
DA:105,0
DA:106,0
DA:107,0
DA:117,0
LF:17
LH:0
BRDA:7,0,0,0
BRDA:7,0,1,0
BRDA:38,1,0,0
BRDA:38,1,1,0
BRDA:39,2,0,0
BRDA:39,2,1,0
BRDA:39,2,2,0
BRDA:40,3,0,0
BRDA:40,3,1,0
BRDA:40,3,2,0
BRDA:41,4,0,0
BRDA:41,4,1,0
BRDA:41,4,2,0
BRDA:42,5,0,0
BRDA:42,5,1,0
BRDA:42,5,2,0
BRDA:77,6,0,0
BRDA:77,6,1,0
BRDA:78,7,0,0
BRDA:78,7,1,0
BRDA:78,7,2,0
BRDA:79,8,0,0
BRDA:79,8,1,0
BRDA:79,8,2,0
BRDA:80,9,0,0
BRDA:80,9,1,0
BRDA:80,9,2,0
BRDA:81,10,0,0
BRDA:81,10,1,0
BRDA:81,10,2,0
BRDA:103,11,0,0
BRDA:103,11,1,0
BRDA:104,12,0,0
BRDA:104,12,1,0
BRDA:105,13,0,0
BRDA:105,13,1,0
BRDA:106,14,0,0
BRDA:106,14,1,0
BRDA:109,15,0,0
BRDA:109,15,1,0
BRF:40
BRH:0
end_of_record
TN:
SF:electron/db/queries/songs.js
FN:1,getSongs
FN:5,getSong
FN:10,getSongByBuiltInKey
FN:16,createSong
FN:49,updateSong
FN:86,deleteSong
FN:90,parse
FNF:7
FNH:0
FNDA:0,getSongs
FNDA:0,getSong
FNDA:0,getSongByBuiltInKey
FNDA:0,createSong
FNDA:0,updateSong
FNDA:0,deleteSong
FNDA:0,parse
DA:2,0
DA:6,0
DA:7,0
DA:11,0
DA:12,0
DA:13,0
DA:32,0
DA:36,0
DA:46,0
DA:66,0
DA:83,0
DA:87,0
DA:91,0
DA:99,0
LF:14
LH:0
BRDA:7,0,0,0
BRDA:7,0,1,0
BRDA:11,1,0,0
BRDA:11,1,1,0
BRDA:13,2,0,0
BRDA:13,2,1,0
BRDA:38,3,0,0
BRDA:38,3,1,0
BRDA:39,4,0,0
BRDA:39,4,1,0
BRDA:40,5,0,0
BRDA:40,5,1,0
BRDA:42,6,0,0
BRDA:42,6,1,0
BRDA:42,6,2,0
BRDA:43,7,0,0
BRDA:43,7,1,0
BRDA:43,7,2,0
BRDA:44,8,0,0
BRDA:44,8,1,0
BRDA:44,8,2,0
BRDA:74,9,0,0
BRDA:74,9,1,0
BRDA:75,10,0,0
BRDA:75,10,1,0
BRDA:76,11,0,0
BRDA:76,11,1,0
BRDA:78,12,0,0
BRDA:78,12,1,0
BRDA:78,12,2,0
BRDA:79,13,0,0
BRDA:79,13,1,0
BRDA:79,13,2,0
BRDA:80,14,0,0
BRDA:80,14,1,0
BRDA:80,14,2,0
BRDA:93,15,0,0
BRDA:93,15,1,0
BRDA:94,16,0,0
BRDA:94,16,1,0
BRDA:95,17,0,0
BRDA:95,17,1,0
BRF:42
BRH:0
end_of_record
TN:
SF:electron/main/closeController 2.ts
FN:65,createCloseController
FN:74,clearRequest
FN:81,markQuitting
FN:88,markRendererGone
FN:94,allowNextClose
FN:100,resolveRequest
FN:105,reset
FN:112,getState
FN:116,decideClose
FNF:9
FNH:0
FNDA:0,createCloseController
FNDA:0,clearRequest
FNDA:0,markQuitting
FNDA:0,markRendererGone
FNDA:0,allowNextClose
FNDA:0,resolveRequest
FNDA:0,reset
FNDA:0,getState
FNDA:0,decideClose
DA:63,0
DA:66,0
DA:68,0
DA:69,0
DA:70,0
DA:71,0
DA:72,0
DA:75,0
DA:76,0
DA:79,0
DA:82,0
DA:83,0
DA:84,0
DA:89,0
DA:90,0
DA:95,0
DA:96,0
DA:101,0
DA:106,0
DA:107,0
DA:108,0
DA:109,0
DA:113,0
DA:119,0
DA:120,0
DA:124,0
DA:125,0
DA:130,0
DA:131,0
DA:132,0
DA:133,0
DA:139,0
DA:144,0
DA:145,0
DA:150,0
DA:151,0
DA:153,0
DA:154,0
DA:159,0
DA:160,0
DA:164,0
DA:165,0
DA:166,0
LF:43
LH:0
BRDA:65,0,0,0
BRDA:66,1,0,0
BRDA:66,1,1,0
BRDA:119,2,0,0
BRDA:119,2,1,0
BRDA:124,3,0,0
BRDA:124,3,1,0
BRDA:130,4,0,0
BRDA:130,4,1,0
BRDA:139,5,0,0
BRDA:139,5,1,0
BRDA:140,6,0,0
BRDA:140,6,1,0
BRDA:140,6,2,0
BRDA:150,7,0,0
BRDA:150,7,1,0
BRDA:153,8,0,0
BRDA:153,8,1,0
BRDA:159,9,0,0
BRDA:159,9,1,0
BRF:20
BRH:0
end_of_record
TN:
SF:electron/main/closeController.ts
FN:65,createCloseController
FN:74,clearRequest
FN:81,markQuitting
FN:88,markRendererGone
FN:94,allowNextClose
FN:100,resolveRequest
FN:105,reset
FN:112,getState
FN:116,decideClose
FNF:9
FNH:9
FNDA:15,createCloseController
FNDA:13,clearRequest
FNDA:6,markQuitting
FNDA:1,markRendererGone
FNDA:2,allowNextClose
FNDA:1,resolveRequest
FNDA:1,reset
FNDA:1,getState
FNDA:23,decideClose
DA:63,1
DA:66,15
DA:68,15
DA:69,15
DA:70,15
DA:71,15
DA:72,15
DA:75,13
DA:76,13
DA:79,15
DA:82,6
DA:83,6
DA:84,6
DA:89,1
DA:90,1
DA:95,2
DA:96,2
DA:101,1
DA:106,1
DA:107,1
DA:108,1
DA:109,1
DA:113,1
DA:119,23
DA:120,6
DA:124,17
DA:125,1
DA:130,16
DA:131,1
DA:132,1
DA:133,1
DA:139,15
DA:144,1
DA:145,1
DA:150,14
DA:151,1
DA:153,13
DA:154,1
DA:159,12
DA:160,3
DA:164,9
DA:165,9
DA:166,9
LF:43
LH:43
BRDA:65,0,0,15
BRDA:66,1,0,15
BRDA:66,1,1,0
BRDA:119,2,0,6
BRDA:119,2,1,17
BRDA:124,3,0,1
BRDA:124,3,1,16
BRDA:130,4,0,1
BRDA:130,4,1,15
BRDA:139,5,0,1
BRDA:139,5,1,14
BRDA:140,6,0,15
BRDA:140,6,1,4
BRDA:140,6,2,4
BRDA:150,7,0,1
BRDA:150,7,1,13
BRDA:153,8,0,1
BRDA:153,8,1,12
BRDA:159,9,0,3
BRDA:159,9,1,9
BRF:20
BRH:19
end_of_record
TN:
SF:electron/main/index.js
FN:68,emitWindowViewState
FN:75,normalizeMediaFilePath
FN:80,canonicalizeMediaFilePath
FN:86,mediaPathExists
FN:94,toMediaProtocolUrl
FN:104,getMediaContentType
FN:123,invalidRangeResponse
FN:133,parseMediaByteRange
FN:164,createMediaProtocolResponse
FN:207,resolveMediaProtocolPath
FN:225,registerMediaProtocol
FN:226,(anonymous_11)
FN:240,serializeMediaRecord
FN:262,syncMediaCanonicalPaths
FN:265,(anonymous_14)
FN:266,(anonymous_15)
FN:276,resolveRuntimeAssetPath
FN:283,(anonymous_17)
FN:286,resolveBuiltInMediaAssetPath
FN:303,resolveWindowIcon
FN:316,resolveReadyQueue
FN:317,(anonymous_21)
FN:321,markPresenterReady
FN:326,markOutputReady
FN:331,markStageDisplayReady
FN:336,waitForReady
FN:339,(anonymous_26)
FN:344,(anonymous_27)
FN:348,(anonymous_28)
FN:351,resetOutputState
FN:355,setPresentationSessionActive
FN:362,broadcast
FN:369,notifyMainWindow
FN:375,getPreviewWindowState
FN:382,publishPreviewWindowState
FN:386,getSettingValue
FN:390,getConfiguredDisplay
FN:398,(anonymous_37)
FN:401,applyDisplayAssignment
FN:409,getNextStageSlide
FN:412,(anonymous_40)
FN:418,syncStageDisplay
FN:427,syncOutputState
FN:432,clearCountdownInterval
FN:439,syncCountdownState
FN:443,resetCountdownState
FN:448,resetMainWindowCloseRequestState
FN:452,closePreviewWindows
FN:461,prepareForAppShutdown
FN:467,startCountdown
FN:475,(anonymous_50)
FN:484,getProfileData
FN:489,(anonymous_52)
FN:493,(anonymous_53)
FN:506,generateId
FN:510,seed
FN:614,(anonymous_56)
FN:617,(anonymous_57)
FN:643,createMainWindow
FN:670,(anonymous_59)
FN:709,(anonymous_60)
FN:728,(anonymous_61)
FN:733,(anonymous_62)
FN:737,(anonymous_63)
FN:796,setWindowedPreviewBounds
FN:803,createOutputWindow
FN:806,(anonymous_66)
FN:842,(anonymous_67)
FN:845,(anonymous_68)
FN:873,(anonymous_69)
FN:883,(anonymous_70)
FN:884,(anonymous_71)
FN:887,createStageDisplayWindow
FN:891,(anonymous_73)
FN:929,(anonymous_74)
FN:952,(anonymous_75)
FN:960,(anonymous_76)
FN:961,(anonymous_77)
FN:968,registerIpcHandlers
FN:972,(anonymous_79)
FN:980,(anonymous_80)
FN:986,(anonymous_81)
FN:989,(anonymous_82)
FN:994,(anonymous_83)
FN:1003,(anonymous_84)
FN:1011,(anonymous_85)
FN:1018,(anonymous_86)
FN:1025,(anonymous_87)
FN:1032,(anonymous_88)
FN:1039,(anonymous_89)
FN:1046,(anonymous_90)
FN:1056,(anonymous_91)
FN:1063,(anonymous_92)
FN:1070,(anonymous_93)
FN:1077,(anonymous_94)
FN:1087,(anonymous_95)
FN:1094,(anonymous_96)
FN:1101,(anonymous_97)
FN:1108,(anonymous_98)
FN:1127,(anonymous_99)
FN:1134,(anonymous_100)
FN:1142,(anonymous_101)
FN:1151,(anonymous_102)
FN:1157,(anonymous_103)
FN:1176,(anonymous_104)
FN:1196,(anonymous_105)
FN:1213,(anonymous_106)
FN:1234,(anonymous_107)
FN:1273,(anonymous_108)
FN:1283,(anonymous_109)
FN:1291,(anonymous_110)
FN:1299,(anonymous_111)
FN:1307,(anonymous_112)
FN:1311,(anonymous_113)
FN:1316,(anonymous_114)
FN:1317,(anonymous_115)
FN:1318,(anonymous_116)
FN:1324,(anonymous_117)
FN:1335,(anonymous_118)
FN:1343,(anonymous_119)
FN:1351,(anonymous_120)
FN:1359,(anonymous_121)
FN:1364,(anonymous_122)
FN:1369,(anonymous_123)
FN:1394,(anonymous_124)
FN:1398,(anonymous_125)
FN:1406,(anonymous_126)
FN:1415,(anonymous_127)
FN:1422,(anonymous_128)
FN:1426,(anonymous_129)
FN:1437,(anonymous_130)
FN:1443,(anonymous_131)
FN:1454,buildNativeMenu
FN:1455,(anonymous_133)
FN:1477,(anonymous_134)
FN:1479,(anonymous_135)
FN:1480,(anonymous_136)
FN:1484,(anonymous_137)
FN:1487,(anonymous_138)
FN:1496,(anonymous_139)
FN:1499,(anonymous_140)
FN:1500,(anonymous_141)
FN:1506,(anonymous_142)
FN:1510,(anonymous_143)
FN:1513,(anonymous_144)
FN:1514,(anonymous_145)
FN:1520,(anonymous_146)
FN:1521,(anonymous_147)
FN:1528,(anonymous_148)
FN:1529,(anonymous_149)
FN:1538,(anonymous_150)
FN:1539,(anonymous_151)
FN:1540,(anonymous_152)
FN:1552,(anonymous_153)
FN:1576,(anonymous_154)
FN:1586,(anonymous_155)
FN:1590,(anonymous_156)
FNF:157
FNH:0
FNDA:0,emitWindowViewState
FNDA:0,normalizeMediaFilePath
FNDA:0,canonicalizeMediaFilePath
FNDA:0,mediaPathExists
FNDA:0,toMediaProtocolUrl
FNDA:0,getMediaContentType
FNDA:0,invalidRangeResponse
FNDA:0,parseMediaByteRange
FNDA:0,createMediaProtocolResponse
FNDA:0,resolveMediaProtocolPath
FNDA:0,registerMediaProtocol
FNDA:0,(anonymous_11)
FNDA:0,serializeMediaRecord
FNDA:0,syncMediaCanonicalPaths
FNDA:0,(anonymous_14)
FNDA:0,(anonymous_15)
FNDA:0,resolveRuntimeAssetPath
FNDA:0,(anonymous_17)
FNDA:0,resolveBuiltInMediaAssetPath
FNDA:0,resolveWindowIcon
FNDA:0,resolveReadyQueue
FNDA:0,(anonymous_21)
FNDA:0,markPresenterReady
FNDA:0,markOutputReady
FNDA:0,markStageDisplayReady
FNDA:0,waitForReady
FNDA:0,(anonymous_26)
FNDA:0,(anonymous_27)
FNDA:0,(anonymous_28)
FNDA:0,resetOutputState
FNDA:0,setPresentationSessionActive
FNDA:0,broadcast
FNDA:0,notifyMainWindow
FNDA:0,getPreviewWindowState
FNDA:0,publishPreviewWindowState
FNDA:0,getSettingValue
FNDA:0,getConfiguredDisplay
FNDA:0,(anonymous_37)
FNDA:0,applyDisplayAssignment
FNDA:0,getNextStageSlide
FNDA:0,(anonymous_40)
FNDA:0,syncStageDisplay
FNDA:0,syncOutputState
FNDA:0,clearCountdownInterval
FNDA:0,syncCountdownState
FNDA:0,resetCountdownState
FNDA:0,resetMainWindowCloseRequestState
FNDA:0,closePreviewWindows
FNDA:0,prepareForAppShutdown
FNDA:0,startCountdown
FNDA:0,(anonymous_50)
FNDA:0,getProfileData
FNDA:0,(anonymous_52)
FNDA:0,(anonymous_53)
FNDA:0,generateId
FNDA:0,seed
FNDA:0,(anonymous_56)
FNDA:0,(anonymous_57)
FNDA:0,createMainWindow
FNDA:0,(anonymous_59)
FNDA:0,(anonymous_60)
FNDA:0,(anonymous_61)
FNDA:0,(anonymous_62)
FNDA:0,(anonymous_63)
FNDA:0,setWindowedPreviewBounds
FNDA:0,createOutputWindow
FNDA:0,(anonymous_66)
FNDA:0,(anonymous_67)
FNDA:0,(anonymous_68)
FNDA:0,(anonymous_69)
FNDA:0,(anonymous_70)
FNDA:0,(anonymous_71)
FNDA:0,createStageDisplayWindow
FNDA:0,(anonymous_73)
FNDA:0,(anonymous_74)
FNDA:0,(anonymous_75)
FNDA:0,(anonymous_76)
FNDA:0,(anonymous_77)
FNDA:0,registerIpcHandlers
FNDA:0,(anonymous_79)
FNDA:0,(anonymous_80)
FNDA:0,(anonymous_81)
FNDA:0,(anonymous_82)
FNDA:0,(anonymous_83)
FNDA:0,(anonymous_84)
FNDA:0,(anonymous_85)
FNDA:0,(anonymous_86)
FNDA:0,(anonymous_87)
FNDA:0,(anonymous_88)
FNDA:0,(anonymous_89)
FNDA:0,(anonymous_90)
FNDA:0,(anonymous_91)
FNDA:0,(anonymous_92)
FNDA:0,(anonymous_93)
FNDA:0,(anonymous_94)
FNDA:0,(anonymous_95)
FNDA:0,(anonymous_96)
FNDA:0,(anonymous_97)
FNDA:0,(anonymous_98)
FNDA:0,(anonymous_99)
FNDA:0,(anonymous_100)
FNDA:0,(anonymous_101)
FNDA:0,(anonymous_102)
FNDA:0,(anonymous_103)
FNDA:0,(anonymous_104)
FNDA:0,(anonymous_105)
FNDA:0,(anonymous_106)
FNDA:0,(anonymous_107)
FNDA:0,(anonymous_108)
FNDA:0,(anonymous_109)
FNDA:0,(anonymous_110)
FNDA:0,(anonymous_111)
FNDA:0,(anonymous_112)
FNDA:0,(anonymous_113)
FNDA:0,(anonymous_114)
FNDA:0,(anonymous_115)
FNDA:0,(anonymous_116)
FNDA:0,(anonymous_117)
FNDA:0,(anonymous_118)
FNDA:0,(anonymous_119)
FNDA:0,(anonymous_120)
FNDA:0,(anonymous_121)
FNDA:0,(anonymous_122)
FNDA:0,(anonymous_123)
FNDA:0,(anonymous_124)
FNDA:0,(anonymous_125)
FNDA:0,(anonymous_126)
FNDA:0,(anonymous_127)
FNDA:0,(anonymous_128)
FNDA:0,(anonymous_129)
FNDA:0,(anonymous_130)
FNDA:0,(anonymous_131)
FNDA:0,buildNativeMenu
FNDA:0,(anonymous_133)
FNDA:0,(anonymous_134)
FNDA:0,(anonymous_135)
FNDA:0,(anonymous_136)
FNDA:0,(anonymous_137)
FNDA:0,(anonymous_138)
FNDA:0,(anonymous_139)
FNDA:0,(anonymous_140)
FNDA:0,(anonymous_141)
FNDA:0,(anonymous_142)
FNDA:0,(anonymous_143)
FNDA:0,(anonymous_144)
FNDA:0,(anonymous_145)
FNDA:0,(anonymous_146)
FNDA:0,(anonymous_147)
FNDA:0,(anonymous_148)
FNDA:0,(anonymous_149)
FNDA:0,(anonymous_150)
FNDA:0,(anonymous_151)
FNDA:0,(anonymous_152)
FNDA:0,(anonymous_153)
FNDA:0,(anonymous_154)
FNDA:0,(anonymous_155)
FNDA:0,(anonymous_156)
DA:11,0
DA:12,0
DA:13,0
DA:14,0
DA:15,0
DA:16,0
DA:17,0
DA:18,0
DA:19,0
DA:20,0
DA:21,0
DA:23,0
DA:24,0
DA:26,0
DA:38,0
DA:39,0
DA:40,0
DA:41,0
DA:42,0
DA:43,0
DA:44,0
DA:45,0
DA:46,0
DA:47,0
DA:48,0
DA:49,0
DA:50,0
DA:51,0
DA:52,0
DA:53,0
DA:54,0
DA:55,0
DA:56,0
DA:62,0
DA:66,0
DA:69,0
DA:70,0
DA:76,0
DA:77,0
DA:81,0
DA:82,0
DA:83,0
DA:87,0
DA:88,0
DA:90,0
DA:95,0
DA:96,0
DA:97,0
DA:98,0
DA:100,0
DA:105,0
DA:106,0
DA:120,0
DA:124,0
DA:134,0
DA:136,0
DA:137,0
DA:139,0
DA:140,0
DA:141,0
DA:143,0
DA:144,0
DA:146,0
DA:147,0
DA:150,0
DA:151,0
DA:152,0
DA:153,0
DA:154,0
DA:156,0
DA:157,0
DA:158,0
DA:161,0
DA:165,0
DA:166,0
DA:167,0
DA:168,0
DA:169,0
DA:170,0
DA:172,0
DA:173,0
DA:174,0
DA:176,0
DA:177,0
DA:178,0
DA:185,0
DA:186,0
DA:189,0
DA:190,0
DA:193,0
DA:199,0
DA:200,0
DA:203,0
DA:204,0
DA:208,0
DA:209,0
DA:210,0
DA:212,0
DA:213,0
DA:215,0
DA:216,0
DA:218,0
DA:219,0
DA:221,0
DA:226,0
DA:227,0
DA:228,0
DA:229,0
DA:232,0
DA:233,0
DA:235,0
DA:241,0
DA:243,0
DA:244,0
DA:246,0
DA:263,0
DA:264,0
DA:265,0
DA:266,0
DA:267,0
DA:268,0
DA:269,0
DA:273,0
DA:277,0
DA:283,0
DA:287,0
DA:289,0
DA:295,0
DA:296,0
DA:297,0
DA:300,0
DA:304,0
DA:309,0
DA:310,0
DA:311,0
DA:314,0
DA:317,0
DA:318,0
DA:322,0
DA:323,0
DA:327,0
DA:328,0
DA:332,0
DA:333,0
DA:337,0
DA:338,0
DA:339,0
DA:342,0
DA:343,0
DA:344,0
DA:347,0
DA:348,0
DA:352,0
DA:356,0
DA:357,0
DA:358,0
DA:363,0
DA:364,0
DA:365,0
DA:366,0
DA:370,0
DA:371,0
DA:376,0
DA:383,0
DA:387,0
DA:391,0
DA:392,0
DA:393,0
DA:395,0
DA:396,0
DA:398,0
DA:402,0
DA:403,0
DA:404,0
DA:405,0
DA:406,0
DA:410,0
DA:411,0
DA:412,0
DA:414,0
DA:415,0
DA:419,0
DA:420,0
DA:428,0
DA:429,0
DA:433,0
DA:434,0
DA:435,0
DA:440,0
DA:444,0
DA:445,0
DA:449,0
DA:453,0
DA:454,0
DA:456,0
DA:457,0
DA:462,0
DA:463,0
DA:464,0
DA:468,0
DA:469,0
DA:470,0
DA:475,0
DA:476,0
DA:477,0
DA:478,0
DA:479,0
DA:485,0
DA:486,0
DA:488,0
DA:489,0
DA:491,0
DA:493,0
DA:496,0
DA:507,0
DA:511,0
DA:512,0
DA:514,0
DA:613,0
DA:614,0
DA:617,0
DA:618,0
DA:619,0
DA:620,0
DA:622,0
DA:633,0
DA:638,0
DA:644,0
DA:647,0
DA:649,0
DA:664,0
DA:665,0
DA:667,0
DA:670,0
DA:671,0
DA:679,0
DA:680,0
DA:683,0
DA:684,0
DA:693,0
DA:694,0
DA:695,0
DA:696,0
DA:698,0
DA:703,0
DA:704,0
DA:705,0
DA:709,0
DA:710,0
DA:711,0
DA:715,0
DA:716,0
DA:717,0
DA:718,0
DA:720,0
DA:723,0
DA:728,0
DA:729,0
DA:730,0
DA:733,0
DA:734,0
DA:737,0
DA:738,0
DA:797,0
DA:798,0
DA:799,0
DA:800,0
DA:804,0
DA:805,0
DA:806,0
DA:807,0
DA:808,0
DA:809,0
DA:811,0
DA:812,0
DA:814,0
DA:817,0
DA:818,0
DA:819,0
DA:820,0
DA:821,0
DA:822,0
DA:825,0
DA:826,0
DA:828,0
DA:842,0
DA:843,0
DA:844,0
DA:845,0
DA:846,0
DA:847,0
DA:848,0
DA:850,0
DA:851,0
DA:853,0
DA:855,0
DA:856,0
DA:857,0
DA:858,0
DA:859,0
DA:861,0
DA:865,0
DA:866,0
DA:868,0
DA:873,0
DA:874,0
DA:875,0
DA:876,0
DA:877,0
DA:878,0
DA:879,0
DA:880,0
DA:883,0
DA:884,0
DA:888,0
DA:890,0
DA:891,0
DA:895,0
DA:896,0
DA:899,0
DA:900,0
DA:901,0
DA:902,0
DA:904,0
DA:906,0
DA:907,0
DA:908,0
DA:909,0
DA:912,0
DA:914,0
DA:929,0
DA:930,0
DA:931,0
DA:932,0
DA:933,0
DA:934,0
DA:935,0
DA:937,0
DA:939,0
DA:940,0
DA:941,0
DA:944,0
DA:945,0
DA:947,0
DA:952,0
DA:953,0
DA:954,0
DA:955,0
DA:956,0
DA:957,0
DA:960,0
DA:961,0
DA:963,0
DA:969,0
DA:972,0
DA:973,0
DA:976,0
DA:977,0
DA:980,0
DA:983,0
DA:984,0
DA:986,0
DA:987,0
DA:989,0
DA:990,0
DA:991,0
DA:994,0
DA:995,0
DA:996,0
DA:1003,0
DA:1004,0
DA:1011,0
DA:1012,0
DA:1013,0
DA:1015,0
DA:1018,0
DA:1019,0
DA:1020,0
DA:1022,0
DA:1025,0
DA:1026,0
DA:1027,0
DA:1029,0
DA:1032,0
DA:1033,0
DA:1034,0
DA:1036,0
DA:1039,0
DA:1040,0
DA:1041,0
DA:1043,0
DA:1046,0
DA:1047,0
DA:1048,0
DA:1049,0
DA:1051,0
DA:1056,0
DA:1057,0
DA:1058,0
DA:1060,0
DA:1063,0
DA:1064,0
DA:1065,0
DA:1067,0
DA:1070,0
DA:1071,0
DA:1072,0
DA:1074,0
DA:1077,0
DA:1078,0
DA:1079,0
DA:1080,0
DA:1082,0
DA:1087,0
DA:1088,0
DA:1089,0
DA:1091,0
DA:1094,0
DA:1095,0
DA:1096,0
DA:1098,0
DA:1101,0
DA:1102,0
DA:1103,0
DA:1105,0
DA:1108,0
DA:1109,0
DA:1110,0
DA:1113,0
DA:1116,0
DA:1122,0
DA:1124,0
DA:1127,0
DA:1128,0
DA:1129,0
DA:1131,0
DA:1134,0
DA:1135,0
DA:1136,0
DA:1137,0
DA:1139,0
DA:1142,0
DA:1143,0
DA:1144,0
DA:1150,0
DA:1151,0
DA:1152,0
DA:1153,0
DA:1154,0
DA:1155,0
DA:1157,0
DA:1158,0
DA:1159,0
DA:1160,0
DA:1161,0
DA:1162,0
DA:1169,0
DA:1171,0
DA:1173,0
DA:1176,0
DA:1177,0
DA:1179,0
DA:1183,0
DA:1187,0
DA:1189,0
DA:1190,0
DA:1191,0
DA:1193,0
DA:1194,0
DA:1196,0
DA:1197,0
DA:1199,0
DA:1200,0
DA:1201,0
DA:1202,0
DA:1208,0
DA:1210,0
DA:1213,0
DA:1214,0
DA:1215,0
DA:1216,0
DA:1219,0
DA:1229,0
DA:1231,0
DA:1234,0
DA:1235,0
DA:1236,0
DA:1237,0
DA:1239,0
DA:1273,0
DA:1275,0
DA:1280,0
DA:1281,0
DA:1283,0
DA:1284,0
DA:1285,0
DA:1286,0
DA:1287,0
DA:1289,0
DA:1291,0
DA:1292,0
DA:1293,0
DA:1294,0
DA:1296,0
DA:1299,0
DA:1300,0
DA:1301,0
DA:1302,0
DA:1303,0
DA:1305,0
DA:1307,0
DA:1308,0
DA:1309,0
DA:1311,0
DA:1312,0
DA:1313,0
DA:1314,0
DA:1316,0
DA:1317,0
DA:1318,0
DA:1319,0
DA:1320,0
DA:1321,0
DA:1324,0
DA:1325,0
DA:1326,0
DA:1327,0
DA:1328,0
DA:1329,0
DA:1330,0
DA:1331,0
DA:1332,0
DA:1333,0
DA:1335,0
DA:1336,0
DA:1337,0
DA:1338,0
DA:1339,0
DA:1340,0
DA:1341,0
DA:1343,0
DA:1344,0
DA:1348,0
DA:1349,0
DA:1351,0
DA:1352,0
DA:1356,0
DA:1357,0
DA:1359,0
DA:1360,0
DA:1361,0
DA:1362,0
DA:1364,0
DA:1365,0
DA:1366,0
DA:1367,0
DA:1369,0
DA:1370,0
DA:1371,0
DA:1372,0
DA:1373,0
DA:1374,0
DA:1375,0
DA:1376,0
DA:1377,0
DA:1378,0
DA:1379,0
DA:1381,0
DA:1382,0
DA:1383,0
DA:1387,0
DA:1388,0
DA:1389,0
DA:1390,0
DA:1394,0
DA:1395,0
DA:1396,0
DA:1397,0
DA:1398,0
DA:1399,0
DA:1401,0
DA:1403,0
DA:1406,0
DA:1407,0
DA:1408,0
DA:1409,0
DA:1410,0
DA:1412,0
DA:1415,0
DA:1416,0
DA:1417,0
DA:1419,0
DA:1422,0
DA:1423,0
DA:1424,0
DA:1426,0
DA:1434,0
DA:1437,0
DA:1438,0
DA:1439,0
DA:1440,0
DA:1443,0
DA:1447,0
DA:1455,0
DA:1456,0
DA:1477,0
DA:1479,0
DA:1480,0
DA:1484,0
DA:1487,0
DA:1496,0
DA:1499,0
DA:1500,0
DA:1506,0
DA:1510,0
DA:1513,0
DA:1514,0
DA:1520,0
DA:1521,0
DA:1528,0
DA:1529,0
DA:1538,0
DA:1539,0
DA:1540,0
DA:1547,0
DA:1552,0
DA:1553,0
DA:1554,0
DA:1555,0
DA:1557,0
DA:1558,0
DA:1559,0
DA:1560,0
DA:1561,0
DA:1562,0
DA:1563,0
DA:1564,0
DA:1576,0
DA:1577,0
DA:1578,0
DA:1579,0
DA:1580,0
DA:1581,0
DA:1583,0
DA:1586,0
DA:1587,0
DA:1590,0
DA:1591,0
LF:648
LH:0
BRDA:69,0,0,0
BRDA:69,0,1,0
BRDA:69,1,0,0
BRDA:69,1,1,0
BRDA:77,2,0,0
BRDA:77,2,1,0
BRDA:83,3,0,0
BRDA:83,3,1,0
BRDA:88,4,0,0
BRDA:88,4,1,0
BRDA:95,5,0,0
BRDA:95,5,1,0
BRDA:105,6,0,0
BRDA:105,6,1,0
BRDA:120,7,0,0
BRDA:120,7,1,0
BRDA:134,8,0,0
BRDA:134,8,1,0
BRDA:137,9,0,0
BRDA:137,9,1,0
BRDA:141,10,0,0
BRDA:141,10,1,0
BRDA:141,11,0,0
BRDA:141,11,1,0
BRDA:143,12,0,0
BRDA:143,12,1,0
BRDA:144,13,0,0
BRDA:144,13,1,0
BRDA:146,14,0,0
BRDA:146,14,1,0
BRDA:146,15,0,0
BRDA:146,15,1,0
BRDA:146,15,2,0
BRDA:146,15,3,0
BRDA:150,16,0,0
BRDA:150,16,1,0
BRDA:152,17,0,0
BRDA:152,17,1,0
BRDA:152,18,0,0
BRDA:152,18,1,0
BRDA:156,19,0,0
BRDA:156,19,1,0
BRDA:156,20,0,0
BRDA:156,20,1,0
BRDA:156,20,2,0
BRDA:157,21,0,0
BRDA:157,21,1,0
BRDA:157,22,0,0
BRDA:157,22,1,0
BRDA:158,23,0,0
BRDA:158,23,1,0
BRDA:158,24,0,0
BRDA:158,24,1,0
BRDA:169,25,0,0
BRDA:169,25,1,0
BRDA:172,26,0,0
BRDA:172,26,1,0
BRDA:174,27,0,0
BRDA:174,27,1,0
BRDA:185,28,0,0
BRDA:185,28,1,0
BRDA:199,29,0,0
BRDA:199,29,1,0
BRDA:210,30,0,0
BRDA:210,30,1,0
BRDA:213,31,0,0
BRDA:213,31,1,0
BRDA:213,32,0,0
BRDA:213,32,1,0
BRDA:216,33,0,0
BRDA:216,33,1,0
BRDA:219,34,0,0
BRDA:219,34,1,0
BRDA:228,35,0,0
BRDA:228,35,1,0
BRDA:241,36,0,0
BRDA:241,36,1,0
BRDA:249,37,0,0
BRDA:249,37,1,0
BRDA:249,38,0,0
BRDA:249,38,1,0
BRDA:252,39,0,0
BRDA:252,39,1,0
BRDA:253,40,0,0
BRDA:253,40,1,0
BRDA:254,41,0,0
BRDA:254,41,1,0
BRDA:256,42,0,0
BRDA:256,42,1,0
BRDA:267,43,0,0
BRDA:267,43,1,0
BRDA:268,44,0,0
BRDA:268,44,1,0
BRDA:283,45,0,0
BRDA:283,45,1,0
BRDA:283,46,0,0
BRDA:283,46,1,0
BRDA:287,47,0,0
BRDA:287,47,1,0
BRDA:297,48,0,0
BRDA:297,48,1,0
BRDA:307,49,0,0
BRDA:307,49,1,0
BRDA:309,50,0,0
BRDA:309,50,1,0
BRDA:311,51,0,0
BRDA:311,51,1,0
BRDA:337,52,0,0
BRDA:337,52,1,0
BRDA:338,53,0,0
BRDA:338,53,1,0
BRDA:342,54,0,0
BRDA:342,54,1,0
BRDA:343,55,0,0
BRDA:343,55,1,0
BRDA:347,56,0,0
BRDA:347,56,1,0
BRDA:357,57,0,0
BRDA:357,57,1,0
BRDA:357,58,0,0
BRDA:357,58,1,0
BRDA:363,59,0,0
BRDA:363,59,1,0
BRDA:364,60,0,0
BRDA:364,60,1,0
BRDA:365,61,0,0
BRDA:365,61,1,0
BRDA:366,62,0,0
BRDA:366,62,1,0
BRDA:370,63,0,0
BRDA:370,63,1,0
BRDA:370,64,0,0
BRDA:370,64,1,0
BRDA:377,65,0,0
BRDA:377,65,1,0
BRDA:378,66,0,0
BRDA:378,66,1,0
BRDA:387,67,0,0
BRDA:387,67,1,0
BRDA:393,68,0,0
BRDA:393,68,1,0
BRDA:396,69,0,0
BRDA:396,69,1,0
BRDA:398,70,0,0
BRDA:398,70,1,0
BRDA:403,71,0,0
BRDA:403,71,1,0
BRDA:403,72,0,0
BRDA:403,72,1,0
BRDA:403,72,2,0
BRDA:410,73,0,0
BRDA:410,73,1,0
BRDA:410,74,0,0
BRDA:410,74,1,0
BRDA:412,75,0,0
BRDA:412,75,1,0
BRDA:414,76,0,0
BRDA:414,76,1,0
BRDA:415,77,0,0
BRDA:415,77,1,0
BRDA:419,78,0,0
BRDA:419,78,1,0
BRDA:419,79,0,0
BRDA:419,79,1,0
BRDA:433,80,0,0
BRDA:433,80,1,0
BRDA:453,81,0,0
BRDA:453,81,1,0
BRDA:453,82,0,0
BRDA:453,82,1,0
BRDA:456,83,0,0
BRDA:456,83,1,0
BRDA:456,84,0,0
BRDA:456,84,1,0
BRDA:468,85,0,0
BRDA:468,85,1,0
BRDA:476,86,0,0
BRDA:476,86,1,0
BRDA:477,87,0,0
BRDA:477,87,1,0
BRDA:485,88,0,0
BRDA:485,88,1,0
BRDA:488,89,0,0
BRDA:488,89,1,0
BRDA:491,90,0,0
BRDA:491,90,1,0
BRDA:499,91,0,0
BRDA:499,91,1,0
BRDA:512,92,0,0
BRDA:512,92,1,0
BRDA:644,93,0,0
BRDA:644,93,1,0
BRDA:664,94,0,0
BRDA:664,94,1,0
BRDA:679,95,0,0
BRDA:679,95,1,0
BRDA:683,96,0,0
BRDA:683,96,1,0
BRDA:694,97,0,0
BRDA:694,97,1,0
BRDA:704,98,0,0
BRDA:704,98,1,0
BRDA:715,99,0,0
BRDA:715,99,1,0
BRDA:797,100,0,0
BRDA:797,100,1,0
BRDA:803,101,0,0
BRDA:803,102,0,0
BRDA:803,103,0,0
BRDA:804,104,0,0
BRDA:804,104,1,0
BRDA:805,105,0,0
BRDA:805,105,1,0
BRDA:807,106,0,0
BRDA:807,106,1,0
BRDA:811,107,0,0
BRDA:811,107,1,0
BRDA:817,108,0,0
BRDA:817,108,1,0
BRDA:820,109,0,0
BRDA:820,109,1,0
BRDA:820,110,0,0
BRDA:820,110,1,0
BRDA:843,111,0,0
BRDA:843,111,1,0
BRDA:844,112,0,0
BRDA:844,112,1,0
BRDA:846,113,0,0
BRDA:846,113,1,0
BRDA:850,114,0,0
BRDA:850,114,1,0
BRDA:858,115,0,0
BRDA:858,115,1,0
BRDA:858,116,0,0
BRDA:858,116,1,0
BRDA:865,117,0,0
BRDA:865,117,1,0
BRDA:887,118,0,0
BRDA:888,119,0,0
BRDA:888,120,0,0
BRDA:888,121,0,0
BRDA:890,122,0,0
BRDA:890,122,1,0
BRDA:891,123,0,0
BRDA:891,123,1,0
BRDA:892,124,0,0
BRDA:892,124,1,0
BRDA:895,125,0,0
BRDA:895,125,1,0
BRDA:895,126,0,0
BRDA:895,126,1,0
BRDA:899,127,0,0
BRDA:899,127,1,0
BRDA:900,128,0,0
BRDA:900,128,1,0
BRDA:906,129,0,0
BRDA:906,129,1,0
BRDA:930,130,0,0
BRDA:930,130,1,0
BRDA:931,131,0,0
BRDA:931,131,1,0
BRDA:934,132,0,0
BRDA:934,132,1,0
BRDA:944,133,0,0
BRDA:944,133,1,0
BRDA:973,134,0,0
BRDA:973,134,1,0
BRDA:987,135,0,0
BRDA:987,135,1,0
BRDA:990,136,0,0
BRDA:990,136,1,0
BRDA:991,137,0,0
BRDA:991,137,1,0
BRDA:1110,138,0,0
BRDA:1110,138,1,0
BRDA:1112,139,0,0
BRDA:1112,139,1,0
BRDA:1113,140,0,0
BRDA:1113,140,1,0
BRDA:1115,141,0,0
BRDA:1115,141,1,0
BRDA:1119,142,0,0
BRDA:1119,142,1,0
BRDA:1142,143,0,0
BRDA:1150,144,0,0
BRDA:1150,144,1,0
BRDA:1153,145,0,0
BRDA:1153,145,1,0
BRDA:1158,146,0,0
BRDA:1158,146,1,0
BRDA:1161,147,0,0
BRDA:1161,147,1,0
BRDA:1167,148,0,0
BRDA:1167,148,1,0
BRDA:1179,149,0,0
BRDA:1179,149,1,0
BRDA:1187,150,0,0
BRDA:1187,150,1,0
BRDA:1187,151,0,0
BRDA:1187,151,1,0
BRDA:1190,152,0,0
BRDA:1190,152,1,0
BRDA:1197,153,0,0
BRDA:1197,153,1,0
BRDA:1201,154,0,0
BRDA:1201,154,1,0
BRDA:1215,155,0,0
BRDA:1215,155,1,0
BRDA:1216,156,0,0
BRDA:1216,156,1,0
BRDA:1221,157,0,0
BRDA:1221,157,1,0
BRDA:1224,158,0,0
BRDA:1224,158,1,0
BRDA:1227,159,0,0
BRDA:1227,159,1,0
BRDA:1275,160,0,0
BRDA:1275,160,1,0
BRDA:1277,161,0,0
BRDA:1277,161,1,0
BRDA:1277,162,0,0
BRDA:1277,162,1,0
BRDA:1284,163,0,0
BRDA:1284,163,1,0
BRDA:1300,164,0,0
BRDA:1300,164,1,0
BRDA:1319,165,0,0
BRDA:1319,165,1,0
BRDA:1326,166,0,0
BRDA:1326,166,1,0
BRDA:1327,167,0,0
BRDA:1327,167,1,0
BRDA:1328,168,0,0
BRDA:1328,168,1,0
BRDA:1329,169,0,0
BRDA:1329,169,1,0
BRDA:1336,170,0,0
BRDA:1336,170,1,0
BRDA:1337,171,0,0
BRDA:1337,171,1,0
BRDA:1338,172,0,0
BRDA:1338,172,1,0
BRDA:1339,173,0,0
BRDA:1339,173,1,0
BRDA:1377,174,0,0
BRDA:1377,174,1,0
BRDA:1381,175,0,0
BRDA:1381,175,1,0
BRDA:1387,176,0,0
BRDA:1387,176,1,0
BRDA:1428,177,0,0
BRDA:1428,177,1,0
BRDA:1437,178,0,0
BRDA:1439,179,0,0
BRDA:1439,179,1,0
BRDA:1554,180,0,0
BRDA:1554,180,1,0
BRDA:1554,181,0,0
BRDA:1554,181,1,0
BRDA:1554,181,2,0
BRDA:1577,182,0,0
BRDA:1577,182,1,0
BRDA:1577,183,0,0
BRDA:1577,183,1,0
BRDA:1577,183,2,0
BRDA:1587,184,0,0
BRDA:1587,184,1,0
BRDA:1591,185,0,0
BRDA:1591,185,1,0
BRF:369
BRH:0
end_of_record
TN:
SF:src/App.jsx
FN:23,App
FN:24,(anonymous_1)
FN:25,(anonymous_2)
FN:26,(anonymous_3)
FN:27,(anonymous_4)
FN:28,(anonymous_5)
FN:29,(anonymous_6)
FN:31,(anonymous_7)
FN:34,(anonymous_8)
FN:39,(anonymous_9)
FN:44,loadTutorialState
FN:55,(anonymous_11)
FN:60,(anonymous_12)
FN:62,(anonymous_13)
FN:67,handleDismissTutorial
FN:104,(anonymous_15)
FNF:16
FNH:0
FNDA:0,App
FNDA:0,(anonymous_1)
FNDA:0,(anonymous_2)
FNDA:0,(anonymous_3)
FNDA:0,(anonymous_4)
FNDA:0,(anonymous_5)
FNDA:0,(anonymous_6)
FNDA:0,(anonymous_7)
FNDA:0,(anonymous_8)
FNDA:0,(anonymous_9)
FNDA:0,loadTutorialState
FNDA:0,(anonymous_11)
FNDA:0,(anonymous_12)
FNDA:0,(anonymous_13)
FNDA:0,handleDismissTutorial
FNDA:0,(anonymous_15)
DA:18,0
DA:19,0
DA:20,0
DA:21,0
DA:24,0
DA:25,0
DA:26,0
DA:27,0
DA:28,0
DA:29,0
DA:31,0
DA:32,0
DA:33,0
DA:34,0
DA:35,0
DA:39,0
DA:40,0
DA:42,0
DA:45,0
DA:46,0
DA:48,0
DA:50,0
DA:51,0
DA:54,0
DA:55,0
DA:56,0
DA:60,0
DA:61,0
DA:62,0
DA:63,0
DA:68,0
DA:69,0
DA:70,0
DA:73,0
DA:74,0
DA:80,0
DA:81,0
DA:87,0
DA:88,0
DA:95,0
DA:104,0
LF:41
LH:0
BRDA:33,0,0,0
BRDA:33,0,1,0
BRDA:40,1,0,0
BRDA:40,1,1,0
BRDA:40,2,0,0
BRDA:40,2,1,0
BRDA:40,2,2,0
BRDA:46,3,0,0
BRDA:46,3,1,0
BRDA:48,4,0,0
BRDA:48,4,1,0
BRDA:61,5,0,0
BRDA:61,5,1,0
BRDA:61,6,0,0
BRDA:61,6,1,0
BRDA:61,6,2,0
BRDA:73,7,0,0
BRDA:73,7,1,0
BRDA:80,8,0,0
BRDA:80,8,1,0
BRDA:87,9,0,0
BRDA:87,9,1,0
BRDA:98,10,0,0
BRDA:98,10,1,0
BRDA:101,11,0,0
BRDA:101,11,1,0
BRDA:104,12,0,0
BRDA:104,12,1,0
BRDA:105,13,0,0
BRDA:105,13,1,0
BRF:30
BRH:0
end_of_record
TN:
SF:src/components/editor/ApplyThemeModal.jsx
FN:12,ApplyThemeModal
FN:28,(anonymous_1)
FN:29,loadMedia
FN:36,(anonymous_3)
FN:53,handleApply
FN:84,(anonymous_5)
FN:112,(anonymous_6)
FN:121,(anonymous_7)
FN:139,(anonymous_8)
FN:160,(anonymous_9)
FN:180,(anonymous_10)
FN:199,(anonymous_11)
FN:223,(anonymous_12)
FN:243,(anonymous_13)
FN:263,(anonymous_14)
FN:267,(anonymous_15)
FN:286,(anonymous_16)
FN:308,(anonymous_17)
FN:318,(anonymous_18)
FNF:19
FNH:0
FNDA:0,ApplyThemeModal
FNDA:0,(anonymous_1)
FNDA:0,loadMedia
FNDA:0,(anonymous_3)
FNDA:0,handleApply
FNDA:0,(anonymous_5)
FNDA:0,(anonymous_6)
FNDA:0,(anonymous_7)
FNDA:0,(anonymous_8)
FNDA:0,(anonymous_9)
FNDA:0,(anonymous_10)
FNDA:0,(anonymous_11)
FNDA:0,(anonymous_12)
FNDA:0,(anonymous_13)
FNDA:0,(anonymous_14)
FNDA:0,(anonymous_15)
FNDA:0,(anonymous_16)
FNDA:0,(anonymous_17)
FNDA:0,(anonymous_18)
DA:4,0
DA:13,0
DA:14,0
DA:15,0
DA:16,0
DA:17,0
DA:18,0
DA:19,0
DA:20,0
DA:21,0
DA:22,0
DA:23,0
DA:24,0
DA:25,0
DA:26,0
DA:28,0
DA:30,0
DA:31,0
DA:33,0
DA:36,0
DA:37,0
DA:38,0
DA:39,0
DA:40,0
DA:41,0
DA:42,0
DA:43,0
DA:44,0
DA:45,0
DA:46,0
DA:47,0
DA:48,0
DA:49,0
DA:50,0
DA:54,0
DA:73,0
DA:85,0
DA:112,0
DA:122,0
DA:139,0
DA:160,0
DA:180,0
DA:199,0
DA:223,0
DA:243,0
DA:264,0
DA:267,0
DA:286,0
DA:308,0
DA:319,0
LF:50
LH:0
BRDA:12,0,0,0
BRDA:31,1,0,0
BRDA:31,1,1,0
BRDA:37,2,0,0
BRDA:37,2,1,0
BRDA:38,3,0,0
BRDA:38,3,1,0
BRDA:39,4,0,0
BRDA:39,4,1,0
BRDA:40,5,0,0
BRDA:40,5,1,0
BRDA:41,6,0,0
BRDA:41,6,1,0
BRDA:42,7,0,0
BRDA:42,7,1,0
BRDA:43,8,0,0
BRDA:43,8,1,0
BRDA:44,9,0,0
BRDA:44,9,1,0
BRDA:49,10,0,0
BRDA:49,10,1,0
BRDA:50,11,0,0
BRDA:50,11,1,0
BRDA:69,12,0,0
BRDA:69,12,1,0
BRDA:69,13,0,0
BRDA:69,13,1,0
BRDA:85,14,0,0
BRDA:85,14,1,0
BRDA:222,15,0,0
BRDA:222,15,1,0
BRDA:242,16,0,0
BRDA:242,16,1,0
BRDA:270,17,0,0
BRDA:270,17,1,0
BRDA:272,18,0,0
BRDA:272,18,1,0
BRDA:301,19,0,0
BRDA:301,19,1,0
BRF:39
BRH:0
end_of_record
TN:
SF:src/components/editor/Canvas.jsx
FN:59,getSelectedSlide
FN:61,(anonymous_1)
FN:63,(anonymous_2)
FN:66,clamp
FN:70,getResizeHandleCode
FN:74,getResizeHandleDirections
FN:82,resizeBoxFromCenter
FN:130,normalizeRect
FN:138,rectsIntersect
FN:147,boxBounds
FN:158,resolveVerticalAlignment
FN:164,renderOutline
FN:170,renderShadow
FN:175,renderTextDecoration
FN:183,baseHighlightStyle
FN:196,renderTextBody
FN:209,cycleCase
FN:216,(anonymous_17)
FN:222,(anonymous_18)
FN:227,snapGroupToGuides
FN:231,(anonymous_20)
FN:250,(anonymous_21)
FN:267,(anonymous_22)
FN:275,(anonymous_23)
FN:293,getRotationFromPointer
FN:301,handleCursor
FN:311,Canvas
FN:312,(anonymous_27)
FN:313,(anonymous_28)
FN:314,(anonymous_29)
FN:315,(anonymous_30)
FN:316,(anonymous_31)
FN:317,(anonymous_32)
FN:318,(anonymous_33)
FN:319,(anonymous_34)
FN:320,(anonymous_35)
FN:321,(anonymous_36)
FN:322,(anonymous_37)
FN:323,(anonymous_38)
FN:324,(anonymous_39)
FN:325,(anonymous_40)
FN:326,(anonymous_41)
FN:327,(anonymous_42)
FN:328,(anonymous_43)
FN:329,(anonymous_44)
FN:330,(anonymous_45)
FN:331,(anonymous_46)
FN:332,(anonymous_47)
FN:333,(anonymous_48)
FN:334,(anonymous_49)
FN:335,(anonymous_50)
FN:361,(anonymous_51)
FN:364,(anonymous_52)
FN:372,(anonymous_53)
FN:373,(anonymous_54)
FN:376,(anonymous_55)
FN:377,(anonymous_56)
FN:381,openMediaLibrary
FN:386,(anonymous_58)
FN:390,(anonymous_59)
FN:394,(anonymous_60)
FN:397,(anonymous_61)
FN:400,(anonymous_62)
FN:402,(anonymous_63)
FN:409,(anonymous_64)
FN:426,registerEditorCommitHandler
FN:430,commitActiveEditor
FN:434,finishInlineEditing
FN:447,applySongArrangement
FN:460,(anonymous_69)
FN:461,(anonymous_70)
FN:481,handleSongArrangementDrop
FN:504,(anonymous_72)
FN:508,(anonymous_73)
FN:517,(anonymous_74)
FN:523,(anonymous_75)
FN:530,(anonymous_76)
FN:531,loadMedia
FN:538,(anonymous_78)
FN:553,(anonymous_79)
FN:558,(anonymous_80)
FN:562,(anonymous_81)
FN:591,(anonymous_82)
FN:594,(anonymous_83)
FN:614,(anonymous_84)
FN:617,handlePointerMove
FN:636,(anonymous_86)
FN:642,(anonymous_87)
FN:648,(anonymous_88)
FN:648,(anonymous_89)
FN:672,(anonymous_90)
FN:714,(anonymous_91)
FN:727,(anonymous_92)
FN:732,handlePointerUp
FN:743,(anonymous_94)
FN:746,(anonymous_95)
FN:756,(anonymous_96)
FN:766,(anonymous_97)
FN:784,(anonymous_98)
FN:785,handleKeyDown
FN:885,(anonymous_100)
FN:886,(anonymous_101)
FN:887,(anonymous_102)
FN:888,(anonymous_103)
FN:915,(anonymous_104)
FN:1001,(anonymous_105)
FN:1021,(anonymous_106)
FN:1022,clearActiveSelection
FN:1032,onDocMouseDown
FN:1040,onWindowBlur
FN:1045,onVisibilityChange
FN:1054,(anonymous_111)
FN:1061,beginInteraction
FN:1076,selectOnly
FN:1080,handleBlankMouseDown
FN:1102,handleTextBoxMouseDown
FN:1113,(anonymous_116)
FN:1115,(anonymous_117)
FN:1127,(anonymous_118)
FN:1128,(anonymous_119)
FN:1132,handleTextBoxDoubleClick
FN:1145,handleSaveText
FN:1149,handleTabDirection
FN:1150,(anonymous_123)
FN:1160,handleTextBoxContextMenu
FN:1167,renderTextBox
FN:1178,(anonymous_126)
FN:1179,(anonymous_127)
FN:1180,(anonymous_128)
FN:1229,(anonymous_129)
FN:1230,(anonymous_130)
FN:1239,(anonymous_131)
FN:1270,(anonymous_132)
FN:1278,(anonymous_133)
FN:1305,(anonymous_134)
FN:1305,(anonymous_135)
FN:1307,(anonymous_136)
FN:1307,(anonymous_137)
FN:1308,(anonymous_138)
FN:1312,(anonymous_139)
FN:1315,(anonymous_140)
FN:1325,(anonymous_141)
FN:1345,(anonymous_142)
FN:1351,(anonymous_143)
FN:1352,(anonymous_144)
FN:1466,(anonymous_145)
FN:1476,(anonymous_146)
FN:1486,(anonymous_147)
FN:1496,(anonymous_148)
FN:1507,(anonymous_149)
FN:1512,(anonymous_150)
FN:1520,(anonymous_151)
FN:1523,(anonymous_152)
FN:1526,(anonymous_153)
FN:1529,(anonymous_154)
FN:1532,(anonymous_155)
FN:1535,(anonymous_156)
FN:1540,(anonymous_157)
FN:1571,(anonymous_158)
FN:1572,(anonymous_159)
FN:1573,(anonymous_160)
FN:1583,EmptyState
FN:1596,SongOrderTray
FN:1694,(anonymous_163)
FN:1699,(anonymous_164)
FN:1700,(anonymous_165)
FN:1701,(anonymous_166)
FN:1738,(anonymous_167)
FN:1739,(anonymous_168)
FN:1742,(anonymous_169)
FN:1746,(anonymous_170)
FN:1749,(anonymous_171)
FN:1750,(anonymous_172)
FN:1751,(anonymous_173)
FN:1768,(anonymous_174)
FN:1813,ResizeHandles
FN:1814,(anonymous_176)
FN:1817,(anonymous_177)
FN:1833,RotationHandle
FN:1867,GuideLine
FN:1895,SelectionRect
FN:1912,CanvasBackground
FNF:182
FNH:0
FNDA:0,getSelectedSlide
FNDA:0,(anonymous_1)
FNDA:0,(anonymous_2)
FNDA:0,clamp
FNDA:0,getResizeHandleCode
FNDA:0,getResizeHandleDirections
FNDA:0,resizeBoxFromCenter
FNDA:0,normalizeRect
FNDA:0,rectsIntersect
FNDA:0,boxBounds
FNDA:0,resolveVerticalAlignment
FNDA:0,renderOutline
FNDA:0,renderShadow
FNDA:0,renderTextDecoration
FNDA:0,baseHighlightStyle
FNDA:0,renderTextBody
FNDA:0,cycleCase
FNDA:0,(anonymous_17)
FNDA:0,(anonymous_18)
FNDA:0,snapGroupToGuides
FNDA:0,(anonymous_20)
FNDA:0,(anonymous_21)
FNDA:0,(anonymous_22)
FNDA:0,(anonymous_23)
FNDA:0,getRotationFromPointer
FNDA:0,handleCursor
FNDA:0,Canvas
FNDA:0,(anonymous_27)
FNDA:0,(anonymous_28)
FNDA:0,(anonymous_29)
FNDA:0,(anonymous_30)
FNDA:0,(anonymous_31)
FNDA:0,(anonymous_32)
FNDA:0,(anonymous_33)
FNDA:0,(anonymous_34)
FNDA:0,(anonymous_35)
FNDA:0,(anonymous_36)
FNDA:0,(anonymous_37)
FNDA:0,(anonymous_38)
FNDA:0,(anonymous_39)
FNDA:0,(anonymous_40)
FNDA:0,(anonymous_41)
FNDA:0,(anonymous_42)
FNDA:0,(anonymous_43)
FNDA:0,(anonymous_44)
FNDA:0,(anonymous_45)
FNDA:0,(anonymous_46)
FNDA:0,(anonymous_47)
FNDA:0,(anonymous_48)
FNDA:0,(anonymous_49)
FNDA:0,(anonymous_50)
FNDA:0,(anonymous_51)
FNDA:0,(anonymous_52)
FNDA:0,(anonymous_53)
FNDA:0,(anonymous_54)
FNDA:0,(anonymous_55)
FNDA:0,(anonymous_56)
FNDA:0,openMediaLibrary
FNDA:0,(anonymous_58)
FNDA:0,(anonymous_59)
FNDA:0,(anonymous_60)
FNDA:0,(anonymous_61)
FNDA:0,(anonymous_62)
FNDA:0,(anonymous_63)
FNDA:0,(anonymous_64)
FNDA:0,registerEditorCommitHandler
FNDA:0,commitActiveEditor
FNDA:0,finishInlineEditing
FNDA:0,applySongArrangement
FNDA:0,(anonymous_69)
FNDA:0,(anonymous_70)
FNDA:0,handleSongArrangementDrop
FNDA:0,(anonymous_72)
FNDA:0,(anonymous_73)
FNDA:0,(anonymous_74)
FNDA:0,(anonymous_75)
FNDA:0,(anonymous_76)
FNDA:0,loadMedia
FNDA:0,(anonymous_78)
FNDA:0,(anonymous_79)
FNDA:0,(anonymous_80)
FNDA:0,(anonymous_81)
FNDA:0,(anonymous_82)
FNDA:0,(anonymous_83)
FNDA:0,(anonymous_84)
FNDA:0,handlePointerMove
FNDA:0,(anonymous_86)
FNDA:0,(anonymous_87)
FNDA:0,(anonymous_88)
FNDA:0,(anonymous_89)
FNDA:0,(anonymous_90)
FNDA:0,(anonymous_91)
FNDA:0,(anonymous_92)
FNDA:0,handlePointerUp
FNDA:0,(anonymous_94)
FNDA:0,(anonymous_95)
FNDA:0,(anonymous_96)
FNDA:0,(anonymous_97)
FNDA:0,(anonymous_98)
FNDA:0,handleKeyDown
FNDA:0,(anonymous_100)
FNDA:0,(anonymous_101)
FNDA:0,(anonymous_102)
FNDA:0,(anonymous_103)
FNDA:0,(anonymous_104)
FNDA:0,(anonymous_105)
FNDA:0,(anonymous_106)
FNDA:0,clearActiveSelection
FNDA:0,onDocMouseDown
FNDA:0,onWindowBlur
FNDA:0,onVisibilityChange
FNDA:0,(anonymous_111)
FNDA:0,beginInteraction
FNDA:0,selectOnly
FNDA:0,handleBlankMouseDown
FNDA:0,handleTextBoxMouseDown
FNDA:0,(anonymous_116)
FNDA:0,(anonymous_117)
FNDA:0,(anonymous_118)
FNDA:0,(anonymous_119)
FNDA:0,handleTextBoxDoubleClick
FNDA:0,handleSaveText
FNDA:0,handleTabDirection
FNDA:0,(anonymous_123)
FNDA:0,handleTextBoxContextMenu
FNDA:0,renderTextBox
FNDA:0,(anonymous_126)
FNDA:0,(anonymous_127)
FNDA:0,(anonymous_128)
FNDA:0,(anonymous_129)
FNDA:0,(anonymous_130)
FNDA:0,(anonymous_131)
FNDA:0,(anonymous_132)
FNDA:0,(anonymous_133)
FNDA:0,(anonymous_134)
FNDA:0,(anonymous_135)
FNDA:0,(anonymous_136)
FNDA:0,(anonymous_137)
FNDA:0,(anonymous_138)
FNDA:0,(anonymous_139)
FNDA:0,(anonymous_140)
FNDA:0,(anonymous_141)
FNDA:0,(anonymous_142)
FNDA:0,(anonymous_143)
FNDA:0,(anonymous_144)
FNDA:0,(anonymous_145)
FNDA:0,(anonymous_146)
FNDA:0,(anonymous_147)
FNDA:0,(anonymous_148)
FNDA:0,(anonymous_149)
FNDA:0,(anonymous_150)
FNDA:0,(anonymous_151)
FNDA:0,(anonymous_152)
FNDA:0,(anonymous_153)
FNDA:0,(anonymous_154)
FNDA:0,(anonymous_155)
FNDA:0,(anonymous_156)
FNDA:0,(anonymous_157)
FNDA:0,(anonymous_158)
FNDA:0,(anonymous_159)
FNDA:0,(anonymous_160)
FNDA:0,EmptyState
FNDA:0,SongOrderTray
FNDA:0,(anonymous_163)
FNDA:0,(anonymous_164)
FNDA:0,(anonymous_165)
FNDA:0,(anonymous_166)
FNDA:0,(anonymous_167)
FNDA:0,(anonymous_168)
FNDA:0,(anonymous_169)
FNDA:0,(anonymous_170)
FNDA:0,(anonymous_171)
FNDA:0,(anonymous_172)
FNDA:0,(anonymous_173)
FNDA:0,(anonymous_174)
FNDA:0,ResizeHandles
FNDA:0,(anonymous_176)
FNDA:0,(anonymous_177)
FNDA:0,RotationHandle
FNDA:0,GuideLine
FNDA:0,SelectionRect
FNDA:0,CanvasBackground
DA:37,0
DA:38,0
DA:39,0
DA:40,0
DA:41,0
DA:42,0
DA:43,0
DA:44,0
DA:60,0
DA:61,0
DA:62,0
DA:63,0
DA:67,0
DA:71,0
DA:75,0
DA:76,0
DA:83,0
DA:84,0
DA:85,0
DA:86,0
DA:87,0
DA:88,0
DA:89,0
DA:91,0
DA:92,0
DA:94,0
DA:95,0
DA:96,0
DA:97,0
DA:98,0
DA:102,0
DA:107,0
DA:108,0
DA:109,0
DA:111,0
DA:112,0
DA:113,0
DA:115,0
DA:116,0
DA:117,0
DA:121,0
DA:131,0
DA:132,0
DA:133,0
DA:134,0
DA:135,0
DA:139,0
DA:148,0
DA:159,0
DA:160,0
DA:161,0
DA:165,0
DA:166,0
DA:167,0
DA:171,0
DA:172,0
DA:176,0
DA:184,0
DA:185,0
DA:186,0
DA:197,0
DA:198,0
DA:199,0
DA:202,0
DA:210,0
DA:211,0
DA:212,0
DA:213,0
DA:214,0
DA:215,0
DA:217,0
DA:219,0
DA:220,0
DA:222,0
DA:224,0
DA:228,0
DA:230,0
DA:231,0
DA:232,0
DA:240,0
DA:241,0
DA:242,0
DA:243,0
DA:245,0
DA:246,0
DA:250,0
DA:251,0
DA:252,0
DA:257,0
DA:264,0
DA:265,0
DA:267,0
DA:268,0
DA:269,0
DA:270,0
DA:271,0
DA:275,0
DA:276,0
DA:277,0
DA:278,0
DA:279,0
DA:283,0
DA:294,0
DA:295,0
DA:296,0
DA:297,0
DA:298,0
DA:302,0
DA:303,0
DA:304,0
DA:305,0
DA:306,0
DA:307,0
DA:308,0
DA:312,0
DA:313,0
DA:314,0
DA:315,0
DA:316,0
DA:317,0
DA:318,0
DA:319,0
DA:320,0
DA:321,0
DA:322,0
DA:323,0
DA:324,0
DA:325,0
DA:326,0
DA:327,0
DA:328,0
DA:329,0
DA:330,0
DA:331,0
DA:332,0
DA:333,0
DA:334,0
DA:335,0
DA:337,0
DA:338,0
DA:339,0
DA:340,0
DA:341,0
DA:342,0
DA:343,0
DA:344,0
DA:345,0
DA:346,0
DA:347,0
DA:348,0
DA:349,0
DA:350,0
DA:352,0
DA:353,0
DA:354,0
DA:355,0
DA:356,0
DA:357,0
DA:358,0
DA:360,0
DA:361,0
DA:362,0
DA:363,0
DA:364,0
DA:366,0
DA:371,0
DA:372,0
DA:373,0
DA:376,0
DA:377,0
DA:382,0
DA:383,0
DA:384,0
DA:386,0
DA:387,0
DA:389,0
DA:390,0
DA:391,0
DA:392,0
DA:393,0
DA:394,0
DA:396,0
DA:397,0
DA:400,0
DA:402,0
DA:406,0
DA:409,0
DA:410,0
DA:411,0
DA:414,0
DA:415,0
DA:416,0
DA:418,0
DA:424,0
DA:427,0
DA:431,0
DA:435,0
DA:436,0
DA:437,0
DA:438,0
DA:439,0
DA:440,0
DA:441,0
DA:442,0
DA:443,0
DA:444,0
DA:448,0
DA:450,0
DA:454,0
DA:456,0
DA:460,0
DA:461,0
DA:462,0
DA:474,0
DA:475,0
DA:477,0
DA:482,0
DA:484,0
DA:485,0
DA:486,0
DA:487,0
DA:488,0
DA:489,0
DA:491,0
DA:492,0
DA:493,0
DA:494,0
DA:495,0
DA:496,0
DA:497,0
DA:498,0
DA:501,0
DA:504,0
DA:505,0
DA:507,0
DA:508,0
DA:509,0
DA:510,0
DA:511,0
DA:515,0
DA:516,0
DA:517,0
DA:518,0
DA:520,0
DA:521,0
DA:523,0
DA:524,0
DA:525,0
DA:526,0
DA:530,0
DA:532,0
DA:533,0
DA:535,0
DA:538,0
DA:539,0
DA:540,0
DA:541,0
DA:542,0
DA:543,0
DA:544,0
DA:545,0
DA:546,0
DA:547,0
DA:548,0
DA:549,0
DA:550,0
DA:553,0
DA:554,0
DA:555,0
DA:558,0
DA:559,0
DA:562,0
DA:563,0
DA:564,0
DA:565,0
DA:567,0
DA:568,0
DA:570,0
DA:571,0
DA:573,0
DA:574,0
DA:575,0
DA:576,0
DA:577,0
DA:580,0
DA:581,0
DA:591,0
DA:592,0
DA:594,0
DA:595,0
DA:597,0
DA:598,0
DA:599,0
DA:600,0
DA:601,0
DA:602,0
DA:603,0
DA:604,0
DA:614,0
DA:615,0
DA:618,0
DA:619,0
DA:621,0
DA:622,0
DA:624,0
DA:625,0
DA:631,0
DA:632,0
DA:635,0
DA:636,0
DA:641,0
DA:642,0
DA:647,0
DA:648,0
DA:650,0
DA:651,0
DA:652,0
DA:653,0
DA:656,0
DA:657,0
DA:658,0
DA:659,0
DA:660,0
DA:662,0
DA:663,0
DA:672,0
DA:673,0
DA:674,0
DA:679,0
DA:682,0
DA:683,0
DA:684,0
DA:685,0
DA:686,0
DA:688,0
DA:689,0
DA:690,0
DA:691,0
DA:692,0
DA:693,0
DA:694,0
DA:695,0
DA:697,0
DA:698,0
DA:699,0
DA:700,0
DA:703,0
DA:704,0
DA:705,0
DA:707,0
DA:709,0
DA:710,0
DA:713,0
DA:714,0
DA:715,0
DA:716,0
DA:717,0
DA:720,0
DA:721,0
DA:722,0
DA:723,0
DA:724,0
DA:725,0
DA:726,0
DA:727,0
DA:728,0
DA:733,0
DA:734,0
DA:735,0
DA:736,0
DA:737,0
DA:739,0
DA:740,0
DA:741,0
DA:742,0
DA:744,0
DA:746,0
DA:747,0
DA:748,0
DA:749,0
DA:751,0
DA:752,0
DA:755,0
DA:756,0
DA:759,0
DA:760,0
DA:761,0
DA:764,0
DA:765,0
DA:766,0
DA:767,0
DA:768,0
DA:784,0
DA:786,0
DA:787,0
DA:789,0
DA:790,0
DA:791,0
DA:792,0
DA:793,0
DA:794,0
DA:795,0
DA:796,0
DA:798,0
DA:799,0
DA:800,0
DA:802,0
DA:805,0
DA:806,0
DA:807,0
DA:808,0
DA:809,0
DA:810,0
DA:818,0
DA:820,0
DA:821,0
DA:822,0
DA:823,0
DA:831,0
DA:833,0
DA:834,0
DA:835,0
DA:836,0
DA:844,0
DA:846,0
DA:847,0
DA:848,0
DA:854,0
DA:855,0
DA:856,0
DA:865,0
DA:867,0
DA:868,0
DA:869,0
DA:870,0
DA:878,0
DA:882,0
DA:883,0
DA:884,0
DA:885,0
DA:886,0
DA:887,0
DA:888,0
DA:895,0
DA:897,0
DA:898,0
DA:901,0
DA:903,0
DA:904,0
DA:905,0
DA:906,0
DA:907,0
DA:908,0
DA:909,0
DA:912,0
DA:913,0
DA:914,0
DA:915,0
DA:917,0
DA:920,0
DA:921,0
DA:922,0
DA:923,0
DA:926,0
DA:927,0
DA:928,0
DA:936,0
DA:938,0
DA:939,0
DA:940,0
DA:948,0
DA:950,0
DA:951,0
DA:952,0
DA:960,0
DA:962,0
DA:963,0
DA:964,0
DA:972,0
DA:974,0
DA:975,0
DA:976,0
DA:977,0
DA:985,0
DA:987,0
DA:988,0
DA:989,0
DA:990,0
DA:991,0
DA:1000,0
DA:1001,0
DA:1021,0
DA:1023,0
DA:1024,0
DA:1025,0
DA:1026,0
DA:1028,0
DA:1029,0
DA:1033,0
DA:1034,0
DA:1035,0
DA:1036,0
DA:1037,0
DA:1041,0
DA:1042,0
DA:1046,0
DA:1047,0
DA:1048,0
DA:1051,0
DA:1052,0
DA:1053,0
DA:1054,0
DA:1055,0
DA:1056,0
DA:1057,0
DA:1062,0
DA:1063,0
DA:1064,0
DA:1065,0
DA:1072,0
DA:1073,0
DA:1077,0
DA:1081,0
DA:1082,0
DA:1083,0
DA:1084,0
DA:1086,0
DA:1087,0
DA:1088,0
DA:1089,0
DA:1092,0
DA:1093,0
DA:1094,0
DA:1095,0
DA:1096,0
DA:1097,0
DA:1098,0
DA:1099,0
DA:1103,0
DA:1104,0
DA:1105,0
DA:1106,0
DA:1107,0
DA:1109,0
DA:1111,0
DA:1112,0
DA:1113,0
DA:1114,0
DA:1115,0
DA:1118,0
DA:1122,0
DA:1123,0
DA:1124,0
DA:1126,0
DA:1127,0
DA:1128,0
DA:1133,0
DA:1134,0
DA:1135,0
DA:1136,0
DA:1137,0
DA:1138,0
DA:1140,0
DA:1141,0
DA:1142,0
DA:1146,0
DA:1150,0
DA:1151,0
DA:1152,0
DA:1153,0
DA:1154,0
DA:1155,0
DA:1156,0
DA:1157,0
DA:1161,0
DA:1162,0
DA:1163,0
DA:1164,0
DA:1168,0
DA:1169,0
DA:1170,0
DA:1171,0
DA:1172,0
DA:1174,0
DA:1178,0
DA:1179,0
DA:1180,0
DA:1229,0
DA:1231,0
DA:1232,0
DA:1233,0
DA:1235,0
DA:1236,0
DA:1237,0
DA:1240,0
DA:1241,0
DA:1242,0
DA:1271,0
DA:1278,0
DA:1285,0
DA:1286,0
DA:1289,0
DA:1290,0
DA:1293,0
DA:1305,0
DA:1307,0
DA:1309,0
DA:1310,0
DA:1313,0
DA:1314,0
DA:1315,0
DA:1326,0
DA:1327,0
DA:1346,0
DA:1347,0
DA:1348,0
DA:1349,0
DA:1351,0
DA:1353,0
DA:1354,0
DA:1355,0
DA:1356,0
DA:1357,0
DA:1360,0
DA:1361,0
DA:1467,0
DA:1477,0
DA:1487,0
DA:1497,0
DA:1508,0
DA:1513,0
DA:1514,0
DA:1520,0
DA:1523,0
DA:1526,0
DA:1529,0
DA:1532,0
DA:1535,0
DA:1540,0
DA:1571,0
DA:1572,0
DA:1573,0
DA:1584,0
DA:1609,0
DA:1695,0
DA:1699,0
DA:1700,0
DA:1701,0
DA:1738,0
DA:1739,0
DA:1743,0
DA:1747,0
DA:1749,0
DA:1750,0
DA:1752,0
DA:1753,0
DA:1754,0
DA:1769,0
DA:1770,0
DA:1790,0
DA:1814,0
DA:1815,0
DA:1817,0
DA:1834,0
DA:1868,0
DA:1896,0
DA:1913,0
DA:1914,0
DA:1916,0
DA:1917,0
DA:1933,0
DA:1934,0
DA:1946,0
LF:673
LH:0
BRDA:60,0,0,0
BRDA:60,0,1,0
BRDA:62,1,0,0
BRDA:62,1,1,0
BRDA:63,2,0,0
BRDA:63,2,1,0
BRDA:71,3,0,0
BRDA:71,3,1,0
BRDA:77,4,0,0
BRDA:77,4,1,0
BRDA:77,5,0,0
BRDA:77,5,1,0
BRDA:78,6,0,0
BRDA:78,6,1,0
BRDA:78,7,0,0
BRDA:78,7,1,0
BRDA:82,8,0,0
BRDA:94,9,0,0
BRDA:94,9,1,0
BRDA:94,10,0,0
BRDA:94,10,1,0
BRDA:94,10,2,0
BRDA:95,11,0,0
BRDA:95,11,1,0
BRDA:96,12,0,0
BRDA:96,12,1,0
BRDA:97,13,0,0
BRDA:97,13,1,0
BRDA:111,14,0,0
BRDA:111,14,1,0
BRDA:115,15,0,0
BRDA:115,15,1,0
BRDA:140,16,0,0
BRDA:140,16,1,0
BRDA:140,16,2,0
BRDA:140,16,3,0
BRDA:159,17,0,0
BRDA:159,17,1,0
BRDA:160,18,0,0
BRDA:160,18,1,0
BRDA:165,19,0,0
BRDA:165,19,1,0
BRDA:166,20,0,0
BRDA:166,20,1,0
BRDA:166,21,0,0
BRDA:166,21,1,0
BRDA:167,22,0,0
BRDA:167,22,1,0
BRDA:167,23,0,0
BRDA:167,23,1,0
BRDA:171,24,0,0
BRDA:171,24,1,0
BRDA:172,25,0,0
BRDA:172,25,1,0
BRDA:172,26,0,0
BRDA:172,26,1,0
BRDA:172,27,0,0
BRDA:172,27,1,0
BRDA:172,28,0,0
BRDA:172,28,1,0
BRDA:177,29,0,0
BRDA:177,29,1,0
BRDA:177,30,0,0
BRDA:177,30,1,0
BRDA:177,31,0,0
BRDA:177,31,1,0
BRDA:185,32,0,0
BRDA:185,32,1,0
BRDA:185,33,0,0
BRDA:185,33,1,0
BRDA:198,34,0,0
BRDA:198,34,1,0
BRDA:203,35,0,0
BRDA:203,35,1,0
BRDA:212,36,0,0
BRDA:212,36,1,0
BRDA:213,37,0,0
BRDA:213,37,1,0
BRDA:214,38,0,0
BRDA:214,38,1,0
BRDA:219,39,0,0
BRDA:219,39,1,0
BRDA:222,40,0,0
BRDA:222,40,1,0
BRDA:228,41,0,0
BRDA:228,41,1,0
BRDA:270,42,0,0
BRDA:270,42,1,0
BRDA:270,43,0,0
BRDA:270,43,1,0
BRDA:278,44,0,0
BRDA:278,44,1,0
BRDA:278,45,0,0
BRDA:278,45,1,0
BRDA:284,46,0,0
BRDA:284,46,1,0
BRDA:285,47,0,0
BRDA:285,47,1,0
BRDA:297,48,0,0
BRDA:297,48,1,0
BRDA:302,49,0,0
BRDA:302,49,1,0
BRDA:303,50,0,0
BRDA:303,50,1,0
BRDA:304,51,0,0
BRDA:304,51,1,0
BRDA:304,52,0,0
BRDA:304,52,1,0
BRDA:305,53,0,0
BRDA:305,53,1,0
BRDA:305,54,0,0
BRDA:305,54,1,0
BRDA:306,55,0,0
BRDA:306,55,1,0
BRDA:306,56,0,0
BRDA:306,56,1,0
BRDA:307,57,0,0
BRDA:307,57,1,0
BRDA:307,58,0,0
BRDA:307,58,1,0
BRDA:361,59,0,0
BRDA:361,59,1,0
BRDA:363,60,0,0
BRDA:363,60,1,0
BRDA:363,60,2,0
BRDA:366,61,0,0
BRDA:366,61,1,0
BRDA:366,62,0,0
BRDA:366,62,1,0
BRDA:373,63,0,0
BRDA:373,63,1,0
BRDA:377,64,0,0
BRDA:377,64,1,0
BRDA:387,65,0,0
BRDA:387,65,1,0
BRDA:389,66,0,0
BRDA:389,66,1,0
BRDA:389,66,2,0
BRDA:390,67,0,0
BRDA:390,67,1,0
BRDA:391,68,0,0
BRDA:391,68,1,0
BRDA:392,69,0,0
BRDA:392,69,1,0
BRDA:392,69,2,0
BRDA:393,70,0,0
BRDA:393,70,1,0
BRDA:396,71,0,0
BRDA:396,71,1,0
BRDA:400,72,0,0
BRDA:400,72,1,0
BRDA:407,73,0,0
BRDA:407,73,1,0
BRDA:407,73,2,0
BRDA:410,74,0,0
BRDA:410,74,1,0
BRDA:410,75,0,0
BRDA:410,75,1,0
BRDA:410,75,2,0
BRDA:410,75,3,0
BRDA:424,76,0,0
BRDA:424,76,1,0
BRDA:427,77,0,0
BRDA:427,77,1,0
BRDA:434,78,0,0
BRDA:436,79,0,0
BRDA:436,79,1,0
BRDA:440,80,0,0
BRDA:440,80,1,0
BRDA:448,81,0,0
BRDA:448,81,1,0
BRDA:448,82,0,0
BRDA:448,82,1,0
BRDA:448,82,2,0
BRDA:454,83,0,0
BRDA:454,83,1,0
BRDA:454,83,2,0
BRDA:456,84,0,0
BRDA:456,84,1,0
BRDA:456,84,2,0
BRDA:462,85,0,0
BRDA:462,85,1,0
BRDA:474,86,0,0
BRDA:474,86,1,0
BRDA:482,87,0,0
BRDA:482,87,1,0
BRDA:482,88,0,0
BRDA:482,88,1,0
BRDA:482,88,2,0
BRDA:484,89,0,0
BRDA:484,89,1,0
BRDA:487,90,0,0
BRDA:487,90,1,0
BRDA:487,91,0,0
BRDA:487,91,1,0
BRDA:492,92,0,0
BRDA:492,92,1,0
BRDA:495,93,0,0
BRDA:495,93,1,0
BRDA:505,94,0,0
BRDA:505,94,1,0
BRDA:510,95,0,0
BRDA:510,95,1,0
BRDA:510,96,0,0
BRDA:510,96,1,0
BRDA:533,97,0,0
BRDA:533,97,1,0
BRDA:563,98,0,0
BRDA:563,98,1,0
BRDA:567,99,0,0
BRDA:567,99,1,0
BRDA:567,100,0,0
BRDA:567,100,1,0
BRDA:567,100,2,0
BRDA:568,101,0,0
BRDA:568,101,1,0
BRDA:571,102,0,0
BRDA:571,102,1,0
BRDA:571,103,0,0
BRDA:571,103,1,0
BRDA:573,104,0,0
BRDA:573,104,1,0
BRDA:592,105,0,0
BRDA:592,105,1,0
BRDA:592,106,0,0
BRDA:592,106,1,0
BRDA:592,106,2,0
BRDA:595,107,0,0
BRDA:595,107,1,0
BRDA:615,108,0,0
BRDA:615,108,1,0
BRDA:615,109,0,0
BRDA:615,109,1,0
BRDA:619,110,0,0
BRDA:619,110,1,0
BRDA:624,111,0,0
BRDA:624,111,1,0
BRDA:635,112,0,0
BRDA:635,112,1,0
BRDA:648,113,0,0
BRDA:648,113,1,0
BRDA:652,114,0,0
BRDA:652,114,1,0
BRDA:656,115,0,0
BRDA:656,115,1,0
BRDA:658,116,0,0
BRDA:658,116,1,0
BRDA:659,117,0,0
BRDA:659,117,1,0
BRDA:659,117,2,0
BRDA:662,118,0,0
BRDA:662,118,1,0
BRDA:672,119,0,0
BRDA:672,119,1,0
BRDA:688,120,0,0
BRDA:688,120,1,0
BRDA:690,121,0,0
BRDA:690,121,1,0
BRDA:692,122,0,0
BRDA:692,122,1,0
BRDA:697,123,0,0
BRDA:697,123,1,0
BRDA:703,124,0,0
BRDA:703,124,1,0
BRDA:704,125,0,0
BRDA:704,125,1,0
BRDA:709,126,0,0
BRDA:709,126,1,0
BRDA:710,127,0,0
BRDA:710,127,1,0
BRDA:714,128,0,0
BRDA:714,128,1,0
BRDA:720,129,0,0
BRDA:720,129,1,0
BRDA:722,130,0,0
BRDA:722,130,1,0
BRDA:727,131,0,0
BRDA:727,131,1,0
BRDA:734,132,0,0
BRDA:734,132,1,0
BRDA:739,133,0,0
BRDA:739,133,1,0
BRDA:741,134,0,0
BRDA:741,134,1,0
BRDA:741,135,0,0
BRDA:741,135,1,0
BRDA:741,135,2,0
BRDA:748,136,0,0
BRDA:748,136,1,0
BRDA:755,137,0,0
BRDA:755,137,1,0
BRDA:786,138,0,0
BRDA:786,138,1,0
BRDA:786,139,0,0
BRDA:786,139,1,0
BRDA:787,140,0,0
BRDA:787,140,1,0
BRDA:789,141,0,0
BRDA:789,141,1,0
BRDA:790,142,0,0
BRDA:790,142,1,0
BRDA:793,143,0,0
BRDA:793,143,1,0
BRDA:798,144,0,0
BRDA:798,144,1,0
BRDA:805,145,0,0
BRDA:805,145,1,0
BRDA:805,146,0,0
BRDA:805,146,1,0
BRDA:807,147,0,0
BRDA:807,147,1,0
BRDA:809,148,0,0
BRDA:809,148,1,0
BRDA:820,149,0,0
BRDA:820,149,1,0
BRDA:822,150,0,0
BRDA:822,150,1,0
BRDA:833,151,0,0
BRDA:833,151,1,0
BRDA:835,152,0,0
BRDA:835,152,1,0
BRDA:846,153,0,0
BRDA:846,153,1,0
BRDA:846,154,0,0
BRDA:846,154,1,0
BRDA:846,154,2,0
BRDA:846,154,3,0
BRDA:855,155,0,0
BRDA:855,155,1,0
BRDA:867,156,0,0
BRDA:867,156,1,0
BRDA:869,157,0,0
BRDA:869,157,1,0
BRDA:882,158,0,0
BRDA:882,158,1,0
BRDA:882,159,0,0
BRDA:882,159,1,0
BRDA:882,159,2,0
BRDA:887,160,0,0
BRDA:887,160,1,0
BRDA:901,161,0,0
BRDA:901,161,1,0
BRDA:903,162,0,0
BRDA:903,162,1,0
BRDA:903,163,0,0
BRDA:903,163,1,0
BRDA:904,164,0,0
BRDA:904,164,1,0
BRDA:912,165,0,0
BRDA:912,165,1,0
BRDA:912,166,0,0
BRDA:912,166,1,0
BRDA:920,167,0,0
BRDA:920,167,1,0
BRDA:920,168,0,0
BRDA:920,168,1,0
BRDA:926,169,0,0
BRDA:926,169,1,0
BRDA:926,170,0,0
BRDA:926,170,1,0
BRDA:938,171,0,0
BRDA:938,171,1,0
BRDA:938,172,0,0
BRDA:938,172,1,0
BRDA:950,173,0,0
BRDA:950,173,1,0
BRDA:950,174,0,0
BRDA:950,174,1,0
BRDA:962,175,0,0
BRDA:962,175,1,0
BRDA:962,176,0,0
BRDA:962,176,1,0
BRDA:974,177,0,0
BRDA:974,177,1,0
BRDA:974,178,0,0
BRDA:974,178,1,0
BRDA:987,179,0,0
BRDA:987,179,1,0
BRDA:987,180,0,0
BRDA:987,180,1,0
BRDA:987,180,2,0
BRDA:994,181,0,0
BRDA:994,181,1,0
BRDA:1024,182,0,0
BRDA:1024,182,1,0
BRDA:1033,183,0,0
BRDA:1033,183,1,0
BRDA:1033,184,0,0
BRDA:1033,184,1,0
BRDA:1034,185,0,0
BRDA:1034,185,1,0
BRDA:1035,186,0,0
BRDA:1035,186,1,0
BRDA:1036,187,0,0
BRDA:1036,187,1,0
BRDA:1041,188,0,0
BRDA:1041,188,1,0
BRDA:1041,189,0,0
BRDA:1041,189,1,0
BRDA:1046,190,0,0
BRDA:1046,190,1,0
BRDA:1047,191,0,0
BRDA:1047,191,1,0
BRDA:1047,192,0,0
BRDA:1047,192,1,0
BRDA:1061,193,0,0
BRDA:1067,194,0,0
BRDA:1067,194,1,0
BRDA:1072,195,0,0
BRDA:1072,195,1,0
BRDA:1077,196,0,0
BRDA:1077,196,1,0
BRDA:1081,197,0,0
BRDA:1081,197,1,0
BRDA:1082,198,0,0
BRDA:1082,198,1,0
BRDA:1086,199,0,0
BRDA:1086,199,1,0
BRDA:1095,200,0,0
BRDA:1095,200,1,0
BRDA:1103,201,0,0
BRDA:1103,201,1,0
BRDA:1105,202,0,0
BRDA:1105,202,1,0
BRDA:1105,203,0,0
BRDA:1105,203,1,0
BRDA:1106,204,0,0
BRDA:1106,204,1,0
BRDA:1111,205,0,0
BRDA:1111,205,1,0
BRDA:1112,206,0,0
BRDA:1112,206,1,0
BRDA:1114,207,0,0
BRDA:1114,207,1,0
BRDA:1122,208,0,0
BRDA:1122,208,1,0
BRDA:1122,209,0,0
BRDA:1122,209,1,0
BRDA:1124,210,0,0
BRDA:1124,210,1,0
BRDA:1134,211,0,0
BRDA:1134,211,1,0
BRDA:1134,212,0,0
BRDA:1134,212,1,0
BRDA:1137,213,0,0
BRDA:1137,213,1,0
BRDA:1137,214,0,0
BRDA:1137,214,1,0
BRDA:1151,215,0,0
BRDA:1151,215,1,0
BRDA:1151,216,0,0
BRDA:1151,216,1,0
BRDA:1163,217,0,0
BRDA:1163,217,1,0
BRDA:1169,218,0,0
BRDA:1169,218,1,0
BRDA:1170,219,0,0
BRDA:1170,219,1,0
BRDA:1172,220,0,0
BRDA:1172,220,1,0
BRDA:1187,221,0,0
BRDA:1187,221,1,0
BRDA:1189,222,0,0
BRDA:1189,222,1,0
BRDA:1191,223,0,0
BRDA:1191,223,1,0
BRDA:1192,224,0,0
BRDA:1192,224,1,0
BRDA:1193,225,0,0
BRDA:1193,225,1,0
BRDA:1203,226,0,0
BRDA:1203,226,1,0
BRDA:1204,227,0,0
BRDA:1204,227,1,0
BRDA:1205,228,0,0
BRDA:1205,228,1,0
BRDA:1206,229,0,0
BRDA:1206,229,1,0
BRDA:1207,230,0,0
BRDA:1207,230,1,0
BRDA:1208,231,0,0
BRDA:1208,231,1,0
BRDA:1208,232,0,0
BRDA:1208,232,1,0
BRDA:1209,233,0,0
BRDA:1209,233,1,0
BRDA:1210,234,0,0
BRDA:1210,234,1,0
BRDA:1211,235,0,0
BRDA:1211,235,1,0
BRDA:1211,236,0,0
BRDA:1211,236,1,0
BRDA:1213,237,0,0
BRDA:1213,237,1,0
BRDA:1214,238,0,0
BRDA:1214,238,1,0
BRDA:1215,239,0,0
BRDA:1215,239,1,0
BRDA:1216,240,0,0
BRDA:1216,240,1,0
BRDA:1218,241,0,0
BRDA:1218,241,1,0
BRDA:1220,242,0,0
BRDA:1220,242,1,0
BRDA:1223,243,0,0
BRDA:1223,243,1,0
BRDA:1226,244,0,0
BRDA:1226,244,1,0
BRDA:1231,245,0,0
BRDA:1231,245,1,0
BRDA:1247,246,0,0
BRDA:1247,246,1,0
BRDA:1254,247,0,0
BRDA:1254,247,1,0
BRDA:1259,248,0,0
BRDA:1259,248,1,0
BRDA:1267,249,0,0
BRDA:1267,249,1,0
BRDA:1285,250,0,0
BRDA:1285,250,1,0
BRDA:1289,251,0,0
BRDA:1289,251,1,0
BRDA:1289,252,0,0
BRDA:1289,252,1,0
BRDA:1299,253,0,0
BRDA:1299,253,1,0
BRDA:1309,254,0,0
BRDA:1309,254,1,0
BRDA:1310,255,0,0
BRDA:1310,255,1,0
BRDA:1313,256,0,0
BRDA:1313,256,1,0
BRDA:1331,257,0,0
BRDA:1331,257,1,0
BRDA:1341,258,0,0
BRDA:1341,258,1,0
BRDA:1346,259,0,0
BRDA:1346,259,1,0
BRDA:1346,260,0,0
BRDA:1346,260,1,0
BRDA:1346,260,2,0
BRDA:1346,260,3,0
BRDA:1353,261,0,0
BRDA:1353,261,1,0
BRDA:1353,262,0,0
BRDA:1353,262,1,0
BRDA:1353,262,2,0
BRDA:1353,262,3,0
BRDA:1360,263,0,0
BRDA:1360,263,1,0
BRDA:1378,264,0,0
BRDA:1378,264,1,0
BRDA:1378,264,2,0
BRDA:1379,265,0,0
BRDA:1379,265,1,0
BRDA:1384,266,0,0
BRDA:1384,266,1,0
BRDA:1389,267,0,0
BRDA:1389,267,1,0
BRDA:1390,268,0,0
BRDA:1390,268,1,0
BRDA:1408,269,0,0
BRDA:1408,269,1,0
BRDA:1411,270,0,0
BRDA:1411,270,1,0
BRDA:1414,271,0,0
BRDA:1414,271,1,0
BRDA:1416,272,0,0
BRDA:1416,272,1,0
BRDA:1416,272,2,0
BRDA:1424,273,0,0
BRDA:1424,273,1,0
BRDA:1425,274,0,0
BRDA:1425,274,1,0
BRDA:1426,275,0,0
BRDA:1426,275,1,0
BRDA:1457,276,0,0
BRDA:1457,276,1,0
BRDA:1462,277,0,0
BRDA:1462,277,1,0
BRDA:1522,278,0,0
BRDA:1522,278,1,0
BRDA:1554,279,0,0
BRDA:1554,279,1,0
BRDA:1557,280,0,0
BRDA:1557,280,1,0
BRDA:1558,281,0,0
BRDA:1558,281,1,0
BRDA:1559,282,0,0
BRDA:1559,282,1,0
BRDA:1575,283,0,0
BRDA:1575,283,1,0
BRDA:1614,284,0,0
BRDA:1614,284,1,0
BRDA:1615,285,0,0
BRDA:1615,285,1,0
BRDA:1634,286,0,0
BRDA:1634,286,1,0
BRDA:1651,287,0,0
BRDA:1651,287,1,0
BRDA:1655,288,0,0
BRDA:1655,288,1,0
BRDA:1676,289,0,0
BRDA:1676,289,1,0
BRDA:1685,290,0,0
BRDA:1685,290,1,0
BRDA:1689,291,0,0
BRDA:1689,291,1,0
BRDA:1707,292,0,0
BRDA:1707,292,1,0
BRDA:1726,293,0,0
BRDA:1726,293,1,0
BRDA:1761,294,0,0
BRDA:1761,294,1,0
BRDA:1871,295,0,0
BRDA:1871,295,1,0
BRDA:1913,296,0,0
BRDA:1913,296,1,0
BRDA:1916,297,0,0
BRDA:1916,297,1,0
BRDA:1916,298,0,0
BRDA:1916,298,1,0
BRDA:1933,299,0,0
BRDA:1933,299,1,0
BRF:624
BRH:0
end_of_record
TN:
SF:src/components/editor/Filmstrip.jsx
FN:23,stripDraggedSlide
FN:26,(anonymous_1)
FN:30,(anonymous_2)
FN:35,applySlideMove
FN:39,(anonymous_4)
FN:41,(anonymous_5)
FN:44,(anonymous_6)
FN:50,(anonymous_7)
FN:55,(anonymous_8)
FN:66,pointInRect
FN:70,parseNodeKey
FN:75,findSlideDropTarget
FN:98,getGhostWidth
FN:102,computeGhostPosition
FN:110,getAllSlides
FN:111,(anonymous_15)
FN:112,(anonymous_16)
FN:116,getEffectiveSelectedSlideIds
FN:122,isSongLibraryDrag
FN:126,isGenericSlideLabel
FN:133,getDisplaySlideLabel
FN:138,copyTextBoxAppearance
FN:169,buildSlideAppearanceSnapshot
FN:178,(anonymous_23)
FN:229,applySlideAppearanceSnapshot
FN:236,(anonymous_25)
FN:238,(anonymous_26)
FN:244,GhostSlide
FN:317,PreviewInsert
FN:358,Filmstrip
FN:359,(anonymous_30)
FN:360,(anonymous_31)
FN:361,(anonymous_32)
FN:362,(anonymous_33)
FN:363,(anonymous_34)
FN:364,(anonymous_35)
FN:365,(anonymous_36)
FN:366,(anonymous_37)
FN:367,(anonymous_38)
FN:387,(anonymous_39)
FN:392,maybeAutoScroll
FN:420,(anonymous_41)
FN:428,(anonymous_42)
FN:434,(anonymous_43)
FN:436,(anonymous_44)
FN:439,(anonymous_45)
FN:442,(anonymous_46)
FN:446,(anonymous_47)
FN:447,handleDragEnd
FN:454,(anonymous_49)
FN:460,(anonymous_50)
FN:464,(anonymous_51)
FN:465,stepAutoScroll
FN:498,(anonymous_53)
FN:506,(anonymous_54)
FN:507,handleMouseMove
FN:549,(anonymous_56)
FN:562,handleMouseUp
FN:571,(anonymous_58)
FN:586,(anonymous_59)
FN:592,(anonymous_60)
FN:593,(anonymous_61)
FN:597,(anonymous_62)
FN:601,(anonymous_63)
FN:603,(anonymous_64)
FN:625,registerSlideNode
FN:631,registerSectionEndNode
FN:636,toggleSection
FN:637,(anonymous_68)
FN:640,collapseAllSectionsNow
FN:642,(anonymous_70)
FN:648,collapseAllSections
FN:650,(anonymous_72)
FN:656,mutate
FN:660,buildSongSectionFromLibrarySong
FN:677,insertSongAtIndex
FN:680,(anonymous_76)
FN:684,(anonymous_77)
FN:689,(anonymous_78)
FN:697,handleSongDropZoneDragOver
FN:705,handleSongDropZoneDrop
FN:715,getMediaDropTargets
FN:717,(anonymous_82)
FN:719,(anonymous_83)
FN:720,(anonymous_84)
FN:727,handleMediaSlideDragOver
FN:734,handleMediaSlideDrop
FN:744,selectFirstAvailableSlide
FN:746,(anonymous_88)
FN:751,addSlideToSection
FN:753,(anonymous_90)
FN:754,(anonymous_91)
FN:760,duplicateSlide
FN:762,(anonymous_93)
FN:763,(anonymous_94)
FN:765,(anonymous_95)
FN:773,insertSlideAfter
FN:775,(anonymous_97)
FN:776,(anonymous_98)
FN:778,(anonymous_99)
FN:789,deleteSlide
FN:802,removeSection
FN:804,(anonymous_102)
FN:804,(anonymous_103)
FN:809,onSlideMouseDown
FN:839,onSectionDragStart
FN:843,onSectionDragOver
FN:850,onSectionDrop
FN:859,(anonymous_108)
FN:860,(anonymous_109)
FN:861,(anonymous_110)
FN:871,handleEditSong
FN:872,(anonymous_112)
FN:876,(anonymous_113)
FN:880,handleApplyTheme
FN:886,(anonymous_115)
FN:887,(anonymous_116)
FN:889,(anonymous_117)
FN:898,handleSelectSlide
FN:918,(anonymous_119)
FN:925,(anonymous_120)
FN:944,(anonymous_121)
FN:945,(anonymous_122)
FN:951,(anonymous_123)
FN:963,handleFilmstripKeyDown
FN:968,(anonymous_125)
FN:982,(anonymous_126)
FN:986,(anonymous_127)
FN:991,renderSongDropZone
FN:996,(anonymous_129)
FN:997,(anonymous_130)
FN:1023,(anonymous_131)
FN:1051,(anonymous_132)
FN:1054,(anonymous_133)
FN:1064,(anonymous_134)
FN:1072,(anonymous_135)
FN:1085,(anonymous_136)
FN:1086,(anonymous_137)
FN:1087,(anonymous_138)
FN:1088,(anonymous_139)
FN:1104,(anonymous_140)
FN:1105,(anonymous_141)
FN:1106,(anonymous_142)
FN:1108,(anonymous_143)
FN:1116,(anonymous_144)
FN:1118,(anonymous_145)
FN:1154,(anonymous_146)
FN:1155,(anonymous_147)
FN:1175,(anonymous_148)
FN:1178,(anonymous_149)
FN:1181,(anonymous_150)
FN:1182,(anonymous_151)
FN:1183,(anonymous_152)
FN:1188,(anonymous_153)
FN:1189,(anonymous_154)
FN:1191,(anonymous_155)
FN:1197,(anonymous_156)
FN:1220,(anonymous_157)
FN:1254,(anonymous_158)
FN:1255,(anonymous_159)
FNF:160
FNH:0
FNDA:0,stripDraggedSlide
FNDA:0,(anonymous_1)
FNDA:0,(anonymous_2)
FNDA:0,applySlideMove
FNDA:0,(anonymous_4)
FNDA:0,(anonymous_5)
FNDA:0,(anonymous_6)
FNDA:0,(anonymous_7)
FNDA:0,(anonymous_8)
FNDA:0,pointInRect
FNDA:0,parseNodeKey
FNDA:0,findSlideDropTarget
FNDA:0,getGhostWidth
FNDA:0,computeGhostPosition
FNDA:0,getAllSlides
FNDA:0,(anonymous_15)
FNDA:0,(anonymous_16)
FNDA:0,getEffectiveSelectedSlideIds
FNDA:0,isSongLibraryDrag
FNDA:0,isGenericSlideLabel
FNDA:0,getDisplaySlideLabel
FNDA:0,copyTextBoxAppearance
FNDA:0,buildSlideAppearanceSnapshot
FNDA:0,(anonymous_23)
FNDA:0,applySlideAppearanceSnapshot
FNDA:0,(anonymous_25)
FNDA:0,(anonymous_26)
FNDA:0,GhostSlide
FNDA:0,PreviewInsert
FNDA:0,Filmstrip
FNDA:0,(anonymous_30)
FNDA:0,(anonymous_31)
FNDA:0,(anonymous_32)
FNDA:0,(anonymous_33)
FNDA:0,(anonymous_34)
FNDA:0,(anonymous_35)
FNDA:0,(anonymous_36)
FNDA:0,(anonymous_37)
FNDA:0,(anonymous_38)
FNDA:0,(anonymous_39)
FNDA:0,maybeAutoScroll
FNDA:0,(anonymous_41)
FNDA:0,(anonymous_42)
FNDA:0,(anonymous_43)
FNDA:0,(anonymous_44)
FNDA:0,(anonymous_45)
FNDA:0,(anonymous_46)
FNDA:0,(anonymous_47)
FNDA:0,handleDragEnd
FNDA:0,(anonymous_49)
FNDA:0,(anonymous_50)
FNDA:0,(anonymous_51)
FNDA:0,stepAutoScroll
FNDA:0,(anonymous_53)
FNDA:0,(anonymous_54)
FNDA:0,handleMouseMove
FNDA:0,(anonymous_56)
FNDA:0,handleMouseUp
FNDA:0,(anonymous_58)
FNDA:0,(anonymous_59)
FNDA:0,(anonymous_60)
FNDA:0,(anonymous_61)
FNDA:0,(anonymous_62)
FNDA:0,(anonymous_63)
FNDA:0,(anonymous_64)
FNDA:0,registerSlideNode
FNDA:0,registerSectionEndNode
FNDA:0,toggleSection
FNDA:0,(anonymous_68)
FNDA:0,collapseAllSectionsNow
FNDA:0,(anonymous_70)
FNDA:0,collapseAllSections
FNDA:0,(anonymous_72)
FNDA:0,mutate
FNDA:0,buildSongSectionFromLibrarySong
FNDA:0,insertSongAtIndex
FNDA:0,(anonymous_76)
FNDA:0,(anonymous_77)
FNDA:0,(anonymous_78)
FNDA:0,handleSongDropZoneDragOver
FNDA:0,handleSongDropZoneDrop
FNDA:0,getMediaDropTargets
FNDA:0,(anonymous_82)
FNDA:0,(anonymous_83)
FNDA:0,(anonymous_84)
FNDA:0,handleMediaSlideDragOver
FNDA:0,handleMediaSlideDrop
FNDA:0,selectFirstAvailableSlide
FNDA:0,(anonymous_88)
FNDA:0,addSlideToSection
FNDA:0,(anonymous_90)
FNDA:0,(anonymous_91)
FNDA:0,duplicateSlide
FNDA:0,(anonymous_93)
FNDA:0,(anonymous_94)
FNDA:0,(anonymous_95)
FNDA:0,insertSlideAfter
FNDA:0,(anonymous_97)
FNDA:0,(anonymous_98)
FNDA:0,(anonymous_99)
FNDA:0,deleteSlide
FNDA:0,removeSection
FNDA:0,(anonymous_102)
FNDA:0,(anonymous_103)
FNDA:0,onSlideMouseDown
FNDA:0,onSectionDragStart
FNDA:0,onSectionDragOver
FNDA:0,onSectionDrop
FNDA:0,(anonymous_108)
FNDA:0,(anonymous_109)
FNDA:0,(anonymous_110)
FNDA:0,handleEditSong
FNDA:0,(anonymous_112)
FNDA:0,(anonymous_113)
FNDA:0,handleApplyTheme
FNDA:0,(anonymous_115)
FNDA:0,(anonymous_116)
FNDA:0,(anonymous_117)
FNDA:0,handleSelectSlide
FNDA:0,(anonymous_119)
FNDA:0,(anonymous_120)
FNDA:0,(anonymous_121)
FNDA:0,(anonymous_122)
FNDA:0,(anonymous_123)
FNDA:0,handleFilmstripKeyDown
FNDA:0,(anonymous_125)
FNDA:0,(anonymous_126)
FNDA:0,(anonymous_127)
FNDA:0,renderSongDropZone
FNDA:0,(anonymous_129)
FNDA:0,(anonymous_130)
FNDA:0,(anonymous_131)
FNDA:0,(anonymous_132)
FNDA:0,(anonymous_133)
FNDA:0,(anonymous_134)
FNDA:0,(anonymous_135)
FNDA:0,(anonymous_136)
FNDA:0,(anonymous_137)
FNDA:0,(anonymous_138)
FNDA:0,(anonymous_139)
FNDA:0,(anonymous_140)
FNDA:0,(anonymous_141)
FNDA:0,(anonymous_142)
FNDA:0,(anonymous_143)
FNDA:0,(anonymous_144)
FNDA:0,(anonymous_145)
FNDA:0,(anonymous_146)
FNDA:0,(anonymous_147)
FNDA:0,(anonymous_148)
FNDA:0,(anonymous_149)
FNDA:0,(anonymous_150)
FNDA:0,(anonymous_151)
FNDA:0,(anonymous_152)
FNDA:0,(anonymous_153)
FNDA:0,(anonymous_154)
FNDA:0,(anonymous_155)
FNDA:0,(anonymous_156)
FNDA:0,(anonymous_157)
FNDA:0,(anonymous_158)
FNDA:0,(anonymous_159)
DA:20,0
DA:21,0
DA:24,0
DA:26,0
DA:27,0
DA:28,0
DA:30,0
DA:36,0
DA:38,0
DA:39,0
DA:40,0
DA:41,0
DA:42,0
DA:44,0
DA:48,0
DA:50,0
DA:51,0
DA:53,0
DA:54,0
DA:55,0
DA:56,0
DA:57,0
DA:59,0
DA:62,0
DA:67,0
DA:71,0
DA:72,0
DA:76,0
DA:77,0
DA:78,0
DA:79,0
DA:80,0
DA:81,0
DA:82,0
DA:86,0
DA:87,0
DA:88,0
DA:89,0
DA:90,0
DA:91,0
DA:95,0
DA:99,0
DA:103,0
DA:104,0
DA:111,0
DA:112,0
DA:117,0
DA:118,0
DA:119,0
DA:123,0
DA:127,0
DA:130,0
DA:134,0
DA:135,0
DA:139,0
DA:170,0
DA:172,0
DA:173,0
DA:174,0
DA:176,0
DA:178,0
DA:230,0
DA:232,0
DA:238,0
DA:239,0
DA:252,0
DA:254,0
DA:318,0
DA:359,0
DA:360,0
DA:361,0
DA:362,0
DA:363,0
DA:364,0
DA:365,0
DA:366,0
DA:367,0
DA:368,0
DA:369,0
DA:370,0
DA:371,0
DA:372,0
DA:373,0
DA:374,0
DA:375,0
DA:376,0
DA:377,0
DA:378,0
DA:379,0
DA:380,0
DA:381,0
DA:382,0
DA:383,0
DA:384,0
DA:385,0
DA:386,0
DA:387,0
DA:388,0
DA:393,0
DA:394,0
DA:396,0
DA:397,0
DA:398,0
DA:399,0
DA:401,0
DA:402,0
DA:403,0
DA:404,0
DA:405,0
DA:406,0
DA:409,0
DA:411,0
DA:415,0
DA:416,0
DA:417,0
DA:420,0
DA:421,0
DA:422,0
DA:423,0
DA:424,0
DA:427,0
DA:428,0
DA:429,0
DA:431,0
DA:434,0
DA:435,0
DA:437,0
DA:442,0
DA:443,0
DA:446,0
DA:448,0
DA:449,0
DA:452,0
DA:453,0
DA:454,0
DA:455,0
DA:456,0
DA:460,0
DA:461,0
DA:464,0
DA:466,0
DA:467,0
DA:469,0
DA:470,0
DA:471,0
DA:474,0
DA:475,0
DA:476,0
DA:483,0
DA:486,0
DA:489,0
DA:490,0
DA:493,0
DA:494,0
DA:495,0
DA:498,0
DA:499,0
DA:500,0
DA:501,0
DA:506,0
DA:508,0
DA:510,0
DA:511,0
DA:512,0
DA:513,0
DA:514,0
DA:519,0
DA:520,0
DA:526,0
DA:531,0
DA:532,0
DA:533,0
DA:535,0
DA:542,0
DA:544,0
DA:547,0
DA:549,0
DA:550,0
DA:552,0
DA:559,0
DA:563,0
DA:564,0
DA:566,0
DA:568,0
DA:570,0
DA:571,0
DA:575,0
DA:576,0
DA:577,0
DA:578,0
DA:579,0
DA:580,0
DA:581,0
DA:584,0
DA:585,0
DA:586,0
DA:587,0
DA:588,0
DA:592,0
DA:593,0
DA:597,0
DA:598,0
DA:601,0
DA:603,0
DA:607,0
DA:608,0
DA:626,0
DA:627,0
DA:628,0
DA:632,0
DA:633,0
DA:637,0
DA:641,0
DA:642,0
DA:643,0
DA:645,0
DA:649,0
DA:650,0
DA:651,0
DA:653,0
DA:657,0
DA:661,0
DA:662,0
DA:668,0
DA:678,0
DA:679,0
DA:680,0
DA:681,0
DA:683,0
DA:684,0
DA:685,0
DA:686,0
DA:687,0
DA:689,0
DA:690,0
DA:698,0
DA:699,0
DA:700,0
DA:701,0
DA:702,0
DA:706,0
DA:707,0
DA:708,0
DA:709,0
DA:710,0
DA:711,0
DA:712,0
DA:716,0
DA:717,0
DA:718,0
DA:719,0
DA:720,0
DA:724,0
DA:728,0
DA:729,0
DA:730,0
DA:731,0
DA:735,0
DA:736,0
DA:737,0
DA:738,0
DA:739,0
DA:740,0
DA:741,0
DA:745,0
DA:746,0
DA:747,0
DA:748,0
DA:752,0
DA:753,0
DA:754,0
DA:755,0
DA:761,0
DA:762,0
DA:763,0
DA:764,0
DA:765,0
DA:766,0
DA:767,0
DA:768,0
DA:774,0
DA:775,0
DA:776,0
DA:777,0
DA:778,0
DA:779,0
DA:780,0
DA:781,0
DA:784,0
DA:785,0
DA:786,0
DA:790,0
DA:791,0
DA:795,0
DA:796,0
DA:797,0
DA:799,0
DA:803,0
DA:804,0
DA:805,0
DA:806,0
DA:810,0
DA:811,0
DA:812,0
DA:813,0
DA:815,0
DA:816,0
DA:817,0
DA:818,0
DA:821,0
DA:822,0
DA:823,0
DA:825,0
DA:826,0
DA:830,0
DA:840,0
DA:844,0
DA:845,0
DA:846,0
DA:847,0
DA:851,0
DA:852,0
DA:853,0
DA:854,0
DA:855,0
DA:856,0
DA:857,0
DA:859,0
DA:860,0
DA:861,0
DA:862,0
DA:863,0
DA:864,0
DA:865,0
DA:867,0
DA:868,0
DA:872,0
DA:873,0
DA:874,0
DA:875,0
DA:876,0
DA:877,0
DA:881,0
DA:882,0
DA:883,0
DA:885,0
DA:886,0
DA:887,0
DA:890,0
DA:896,0
DA:899,0
DA:900,0
DA:901,0
DA:902,0
DA:903,0
DA:904,0
DA:909,0
DA:910,0
DA:911,0
DA:912,0
DA:913,0
DA:914,0
DA:917,0
DA:918,0
DA:921,0
DA:922,0
DA:923,0
DA:924,0
DA:925,0
DA:927,0
DA:930,0
DA:931,0
DA:934,0
DA:935,0
DA:938,0
DA:939,0
DA:941,0
DA:942,0
DA:943,0
DA:944,0
DA:945,0
DA:946,0
DA:947,0
DA:948,0
DA:951,0
DA:954,0
DA:955,0
DA:958,0
DA:959,0
DA:964,0
DA:965,0
DA:966,0
DA:967,0
DA:968,0
DA:969,0
DA:970,0
DA:972,0
DA:975,0
DA:976,0
DA:978,0
DA:979,0
DA:981,0
DA:982,0
DA:983,0
DA:986,0
DA:988,0
DA:992,0
DA:993,0
DA:996,0
DA:998,0
DA:1019,0
DA:1023,0
DA:1052,0
DA:1055,0
DA:1065,0
DA:1066,0
DA:1067,0
DA:1068,0
DA:1073,0
DA:1074,0
DA:1076,0
DA:1080,0
DA:1085,0
DA:1086,0
DA:1087,0
DA:1089,0
DA:1090,0
DA:1104,0
DA:1105,0
DA:1106,0
DA:1109,0
DA:1117,0
DA:1118,0
DA:1119,0
DA:1120,0
DA:1122,0
DA:1126,0
DA:1127,0
DA:1128,0
DA:1130,0
DA:1154,0
DA:1155,0
DA:1176,0
DA:1179,0
DA:1181,0
DA:1182,0
DA:1184,0
DA:1185,0
DA:1186,0
DA:1188,0
DA:1189,0
DA:1192,0
DA:1198,0
DA:1220,0
DA:1254,0
DA:1255,0
LF:456
LH:0
BRDA:24,0,0,0
BRDA:24,0,1,0
BRDA:27,1,0,0
BRDA:27,1,1,0
BRDA:36,2,0,0
BRDA:36,2,1,0
BRDA:36,3,0,0
BRDA:36,3,1,0
BRDA:40,4,0,0
BRDA:40,4,1,0
BRDA:41,5,0,0
BRDA:41,5,1,0
BRDA:48,6,0,0
BRDA:48,6,1,0
BRDA:51,7,0,0
BRDA:51,7,1,0
BRDA:54,8,0,0
BRDA:54,8,1,0
BRDA:56,9,0,0
BRDA:56,9,1,0
BRDA:67,10,0,0
BRDA:67,10,1,0
BRDA:67,10,2,0
BRDA:67,10,3,0
BRDA:77,11,0,0
BRDA:77,11,1,0
BRDA:79,12,0,0
BRDA:79,12,1,0
BRDA:81,13,0,0
BRDA:81,13,1,0
BRDA:87,14,0,0
BRDA:87,14,1,0
BRDA:88,15,0,0
BRDA:88,15,1,0
BRDA:90,16,0,0
BRDA:90,16,1,0
BRDA:98,17,0,0
BRDA:99,18,0,0
BRDA:99,18,1,0
BRDA:102,19,0,0
BRDA:111,20,0,0
BRDA:111,20,1,0
BRDA:116,21,0,0
BRDA:116,22,0,0
BRDA:118,23,0,0
BRDA:118,23,1,0
BRDA:118,24,0,0
BRDA:118,24,1,0
BRDA:123,25,0,0
BRDA:123,25,1,0
BRDA:127,26,0,0
BRDA:127,26,1,0
BRDA:130,27,0,0
BRDA:130,27,1,0
BRDA:130,27,2,0
BRDA:134,28,0,0
BRDA:134,28,1,0
BRDA:134,29,0,0
BRDA:134,29,1,0
BRDA:170,30,0,0
BRDA:170,30,1,0
BRDA:170,31,0,0
BRDA:170,31,1,0
BRDA:174,32,0,0
BRDA:174,32,1,0
BRDA:230,33,0,0
BRDA:230,33,1,0
BRDA:230,34,0,0
BRDA:230,34,1,0
BRDA:239,35,0,0
BRDA:239,35,1,0
BRDA:248,36,0,0
BRDA:249,37,0,0
BRDA:250,38,0,0
BRDA:252,39,0,0
BRDA:252,39,1,0
BRDA:252,40,0,0
BRDA:252,40,1,0
BRDA:259,41,0,0
BRDA:259,41,1,0
BRDA:261,42,0,0
BRDA:261,42,1,0
BRDA:268,43,0,0
BRDA:268,43,1,0
BRDA:280,44,0,0
BRDA:280,44,1,0
BRDA:286,45,0,0
BRDA:286,45,1,0
BRDA:300,46,0,0
BRDA:300,46,1,0
BRDA:300,47,0,0
BRDA:300,47,1,0
BRDA:304,48,0,0
BRDA:304,48,1,0
BRDA:307,49,0,0
BRDA:307,49,1,0
BRDA:358,50,0,0
BRDA:394,51,0,0
BRDA:394,51,1,0
BRDA:401,52,0,0
BRDA:401,52,1,0
BRDA:401,53,0,0
BRDA:401,53,1,0
BRDA:404,54,0,0
BRDA:404,54,1,0
BRDA:404,55,0,0
BRDA:404,55,1,0
BRDA:409,56,0,0
BRDA:409,56,1,0
BRDA:415,57,0,0
BRDA:415,57,1,0
BRDA:421,58,0,0
BRDA:421,58,1,0
BRDA:422,59,0,0
BRDA:422,59,1,0
BRDA:437,60,0,0
BRDA:437,60,1,0
BRDA:437,61,0,0
BRDA:437,61,1,0
BRDA:469,62,0,0
BRDA:469,62,1,0
BRDA:469,63,0,0
BRDA:469,63,1,0
BRDA:475,64,0,0
BRDA:475,64,1,0
BRDA:483,65,0,0
BRDA:483,65,1,0
BRDA:489,66,0,0
BRDA:489,66,1,0
BRDA:489,67,0,0
BRDA:489,67,1,0
BRDA:493,68,0,0
BRDA:493,68,1,0
BRDA:493,69,0,0
BRDA:493,69,1,0
BRDA:499,70,0,0
BRDA:499,70,1,0
BRDA:510,71,0,0
BRDA:510,71,1,0
BRDA:510,72,0,0
BRDA:510,72,1,0
BRDA:513,73,0,0
BRDA:513,73,1,0
BRDA:542,74,0,0
BRDA:542,74,1,0
BRDA:547,75,0,0
BRDA:547,75,1,0
BRDA:550,76,0,0
BRDA:550,76,1,0
BRDA:559,77,0,0
BRDA:559,77,1,0
BRDA:566,78,0,0
BRDA:566,78,1,0
BRDA:566,79,0,0
BRDA:566,79,1,0
BRDA:568,80,0,0
BRDA:568,80,1,0
BRDA:570,81,0,0
BRDA:570,81,1,0
BRDA:593,82,0,0
BRDA:593,82,1,0
BRDA:598,83,0,0
BRDA:598,83,1,0
BRDA:603,84,0,0
BRDA:603,84,1,0
BRDA:607,85,0,0
BRDA:607,85,1,0
BRDA:627,86,0,0
BRDA:627,86,1,0
BRDA:632,87,0,0
BRDA:632,87,1,0
BRDA:642,88,0,0
BRDA:642,88,1,0
BRDA:650,89,0,0
BRDA:650,89,1,0
BRDA:679,90,0,0
BRDA:679,90,1,0
BRDA:680,91,0,0
BRDA:680,91,1,0
BRDA:681,92,0,0
BRDA:681,92,1,0
BRDA:692,93,0,0
BRDA:692,93,1,0
BRDA:693,94,0,0
BRDA:693,94,1,0
BRDA:698,95,0,0
BRDA:698,95,1,0
BRDA:706,96,0,0
BRDA:706,96,1,0
BRDA:711,97,0,0
BRDA:711,97,1,0
BRDA:716,98,0,0
BRDA:716,98,1,0
BRDA:716,99,0,0
BRDA:716,99,1,0
BRDA:717,100,0,0
BRDA:717,100,1,0
BRDA:728,101,0,0
BRDA:728,101,1,0
BRDA:735,102,0,0
BRDA:735,102,1,0
BRDA:740,103,0,0
BRDA:740,103,1,0
BRDA:748,104,0,0
BRDA:748,104,1,0
BRDA:748,105,0,0
BRDA:748,105,1,0
BRDA:755,106,0,0
BRDA:755,106,1,0
BRDA:764,107,0,0
BRDA:764,107,1,0
BRDA:777,108,0,0
BRDA:777,108,1,0
BRDA:795,109,0,0
BRDA:795,109,1,0
BRDA:806,110,0,0
BRDA:806,110,1,0
BRDA:810,111,0,0
BRDA:810,111,1,0
BRDA:815,112,0,0
BRDA:815,112,1,0
BRDA:815,113,0,0
BRDA:815,113,1,0
BRDA:815,113,2,0
BRDA:827,114,0,0
BRDA:827,114,1,0
BRDA:828,115,0,0
BRDA:828,115,1,0
BRDA:845,116,0,0
BRDA:845,116,1,0
BRDA:845,117,0,0
BRDA:845,117,1,0
BRDA:852,118,0,0
BRDA:852,118,1,0
BRDA:852,119,0,0
BRDA:852,119,1,0
BRDA:854,120,0,0
BRDA:854,120,1,0
BRDA:854,121,0,0
BRDA:854,121,1,0
BRDA:872,122,0,0
BRDA:872,122,1,0
BRDA:873,123,0,0
BRDA:873,123,1,0
BRDA:875,124,0,0
BRDA:875,124,1,0
BRDA:876,125,0,0
BRDA:876,125,1,0
BRDA:877,126,0,0
BRDA:877,126,1,0
BRDA:883,127,0,0
BRDA:883,127,1,0
BRDA:890,128,0,0
BRDA:890,128,1,0
BRDA:890,129,0,0
BRDA:890,129,1,0
BRDA:902,130,0,0
BRDA:902,130,1,0
BRDA:909,131,0,0
BRDA:909,131,1,0
BRDA:911,132,0,0
BRDA:911,132,1,0
BRDA:911,133,0,0
BRDA:911,133,1,0
BRDA:917,134,0,0
BRDA:917,134,1,0
BRDA:921,135,0,0
BRDA:921,135,1,0
BRDA:922,136,0,0
BRDA:922,136,1,0
BRDA:923,137,0,0
BRDA:923,137,1,0
BRDA:924,138,0,0
BRDA:924,138,1,0
BRDA:927,139,0,0
BRDA:927,139,1,0
BRDA:930,140,0,0
BRDA:930,140,1,0
BRDA:931,141,0,0
BRDA:931,141,1,0
BRDA:938,142,0,0
BRDA:938,142,1,0
BRDA:938,143,0,0
BRDA:938,143,1,0
BRDA:941,144,0,0
BRDA:941,144,1,0
BRDA:942,145,0,0
BRDA:942,145,1,0
BRDA:942,145,2,0
BRDA:946,146,0,0
BRDA:946,146,1,0
BRDA:946,147,0,0
BRDA:946,147,1,0
BRDA:965,148,0,0
BRDA:965,148,1,0
BRDA:966,149,0,0
BRDA:966,149,1,0
BRDA:966,150,0,0
BRDA:966,150,1,0
BRDA:969,151,0,0
BRDA:969,151,1,0
BRDA:975,152,0,0
BRDA:975,152,1,0
BRDA:976,153,0,0
BRDA:976,153,1,0
BRDA:976,154,0,0
BRDA:976,154,1,0
BRDA:979,155,0,0
BRDA:979,155,1,0
BRDA:982,156,0,0
BRDA:982,156,1,0
BRDA:1001,157,0,0
BRDA:1001,157,1,0
BRDA:1011,158,0,0
BRDA:1011,158,1,0
BRDA:1012,159,0,0
BRDA:1012,159,1,0
BRDA:1058,160,0,0
BRDA:1058,160,1,0
BRDA:1065,161,0,0
BRDA:1065,161,1,0
BRDA:1068,162,0,0
BRDA:1068,162,1,0
BRDA:1071,163,0,0
BRDA:1071,163,1,0
BRDA:1074,164,0,0
BRDA:1074,164,1,0
BRDA:1076,165,0,0
BRDA:1076,165,1,0
BRDA:1076,165,2,0
BRDA:1084,166,0,0
BRDA:1084,166,1,0
BRDA:1094,167,0,0
BRDA:1094,167,1,0
BRDA:1094,168,0,0
BRDA:1094,168,1,0
BRDA:1096,169,0,0
BRDA:1096,169,1,0
BRDA:1096,170,0,0
BRDA:1096,170,1,0
BRDA:1108,171,0,0
BRDA:1108,171,1,0
BRDA:1114,172,0,0
BRDA:1114,172,1,0
BRDA:1122,173,0,0
BRDA:1122,173,1,0
BRDA:1122,173,2,0
BRDA:1127,174,0,0
BRDA:1127,174,1,0
BRDA:1128,175,0,0
BRDA:1128,175,1,0
BRDA:1132,176,0,0
BRDA:1132,176,1,0
BRDA:1146,177,0,0
BRDA:1146,177,1,0
BRDA:1146,178,0,0
BRDA:1146,178,1,0
BRDA:1157,179,0,0
BRDA:1157,179,1,0
BRDA:1170,180,0,0
BRDA:1170,180,1,0
BRDA:1170,180,2,0
BRDA:1170,180,3,0
BRDA:1191,181,0,0
BRDA:1191,181,1,0
BRDA:1196,182,0,0
BRDA:1196,182,1,0
BRDA:1196,183,0,0
BRDA:1196,183,1,0
BRDA:1210,184,0,0
BRDA:1210,184,1,0
BRDA:1210,185,0,0
BRDA:1210,185,1,0
BRDA:1210,185,2,0
BRDA:1218,186,0,0
BRDA:1218,186,1,0
BRDA:1223,187,0,0
BRDA:1223,187,1,0
BRDA:1223,188,0,0
BRDA:1223,188,1,0
BRDA:1234,189,0,0
BRDA:1234,189,1,0
BRDA:1237,190,0,0
BRDA:1237,190,1,0
BRDA:1251,191,0,0
BRDA:1251,191,1,0
BRF:386
BRH:0
end_of_record
TN:
SF:src/components/editor/FilmstripSlide.jsx
FN:13,isGenericLabel
FN:20,FilmstripSlide
FN:39,(anonymous_2)
FN:40,(anonymous_3)
FN:41,(anonymous_4)
FN:42,(anonymous_5)
FN:43,(anonymous_6)
FN:44,(anonymous_7)
FN:50,handleContextMenu
FN:59,openMediaLibrary
FN:65,handleMoveToSection
FN:82,(anonymous_11)
FN:99,(anonymous_12)
FN:99,(anonymous_13)
FN:104,(anonymous_14)
FN:105,(anonymous_15)
FN:106,(anonymous_16)
FN:109,(anonymous_17)
FN:195,(anonymous_18)
FNF:19
FNH:0
FNDA:0,isGenericLabel
FNDA:0,FilmstripSlide
FNDA:0,(anonymous_2)
FNDA:0,(anonymous_3)
FNDA:0,(anonymous_4)
FNDA:0,(anonymous_5)
FNDA:0,(anonymous_6)
FNDA:0,(anonymous_7)
FNDA:0,handleContextMenu
FNDA:0,openMediaLibrary
FNDA:0,handleMoveToSection
FNDA:0,(anonymous_11)
FNDA:0,(anonymous_12)
FNDA:0,(anonymous_13)
FNDA:0,(anonymous_14)
FNDA:0,(anonymous_15)
FNDA:0,(anonymous_16)
FNDA:0,(anonymous_17)
FNDA:0,(anonymous_18)
DA:14,0
DA:17,0
DA:39,0
DA:40,0
DA:41,0
DA:42,0
DA:43,0
DA:44,0
DA:45,0
DA:46,0
DA:47,0
DA:48,0
DA:51,0
DA:52,0
DA:53,0
DA:54,0
DA:56,0
DA:60,0
DA:61,0
DA:62,0
DA:66,0
DA:67,0
DA:68,0
DA:69,0
DA:70,0
DA:73,0
DA:82,0
DA:90,0
DA:92,0
DA:95,0
DA:99,0
DA:104,0
DA:105,0
DA:106,0
DA:109,0
DA:118,0
DA:195,0
LF:37
LH:0
BRDA:14,0,0,0
BRDA:14,0,1,0
BRDA:17,1,0,0
BRDA:17,1,1,0
BRDA:17,1,2,0
BRDA:22,2,0,0
BRDA:23,3,0,0
BRDA:24,4,0,0
BRDA:28,5,0,0
BRDA:48,6,0,0
BRDA:48,6,1,0
BRDA:53,7,0,0
BRDA:53,7,1,0
BRDA:53,8,0,0
BRDA:53,8,1,0
BRDA:66,9,0,0
BRDA:66,9,1,0
BRDA:67,10,0,0
BRDA:67,10,1,0
BRDA:68,11,0,0
BRDA:68,11,1,0
BRDA:90,12,0,0
BRDA:90,12,1,0
BRDA:90,13,0,0
BRDA:90,13,1,0
BRDA:96,14,0,0
BRDA:96,14,1,0
BRDA:97,15,0,0
BRDA:97,15,1,0
BRDA:138,16,0,0
BRDA:138,16,1,0
BRDA:140,17,0,0
BRDA:140,17,1,0
BRDA:142,18,0,0
BRDA:142,18,1,0
BRDA:144,19,0,0
BRDA:144,19,1,0
BRDA:147,20,0,0
BRDA:147,20,1,0
BRDA:149,21,0,0
BRDA:149,21,1,0
BRDA:151,22,0,0
BRDA:151,22,1,0
BRDA:172,23,0,0
BRDA:172,23,1,0
BRDA:176,24,0,0
BRDA:176,24,1,0
BRDA:182,25,0,0
BRDA:182,25,1,0
BRDA:182,25,2,0
BRDA:194,26,0,0
BRDA:194,26,1,0
BRF:52
BRH:0
end_of_record
TN:
SF:src/components/editor/FormattingToolbar.jsx
FN:95,getRenderedBodyFontSize
FN:102,(anonymous_1)
FN:115,useInlineEditingScope
FN:119,runInline
FN:140,cycleCase
FN:146,(anonymous_5)
FN:150,(anonymous_6)
FN:155,getToolbarPos
FN:176,Sep
FN:190,Btn
FN:209,(anonymous_10)
FN:212,(anonymous_11)
FN:221,NumberField
FN:234,(anonymous_13)
FN:238,commit
FN:245,(anonymous_15)
FN:248,flushPendingCommit
FN:253,(anonymous_17)
FN:258,(anonymous_18)
FN:261,commitOnOutsidePointerDown
FN:267,(anonymous_20)
FN:281,(anonymous_21)
FN:286,(anonymous_22)
FN:289,(anonymous_23)
FN:292,(anonymous_24)
FN:316,ColorPopover
FN:321,(anonymous_26)
FN:341,(anonymous_27)
FN:346,(anonymous_28)
FN:369,(anonymous_29)
FN:377,ColorBtn
FN:382,(anonymous_31)
FN:384,onDown
FN:389,(anonymous_33)
FN:400,(anonymous_34)
FN:400,(anonymous_35)
FN:414,(anonymous_36)
FN:417,(anonymous_37)
FN:443,(anonymous_38)
FN:453,LineSpacingBtn
FN:459,(anonymous_40)
FN:463,(anonymous_41)
FN:465,onDown_2
FN:470,(anonymous_43)
FN:479,(anonymous_44)
FN:479,(anonymous_45)
FN:494,(anonymous_46)
FN:497,(anonymous_47)
FN:507,(anonymous_48)
FN:524,(anonymous_49)
FN:528,(anonymous_50)
FN:556,(anonymous_51)
FN:557,(anonymous_52)
FN:564,(anonymous_53)
FN:595,MRow
FN:617,MDivider
FN:621,MBtn
FN:640,(anonymous_57)
FN:643,(anonymous_58)
FN:652,MSelect
FN:657,(anonymous_60)
FN:673,MorePanel
FN:674,(anonymous_62)
FN:675,(anonymous_63)
FN:676,(anonymous_64)
FN:677,(anonymous_65)
FN:678,(anonymous_66)
FN:679,(anonymous_67)
FN:685,(anonymous_68)
FN:686,(anonymous_69)
FN:688,clearFormatting
FN:714,doCase
FN:727,(anonymous_72)
FN:748,(anonymous_73)
FN:753,(anonymous_74)
FN:761,(anonymous_75)
FN:775,(anonymous_76)
FN:783,(anonymous_77)
FN:794,(anonymous_78)
FN:800,(anonymous_79)
FN:807,(anonymous_80)
FN:816,(anonymous_81)
FN:830,(anonymous_82)
FN:839,(anonymous_83)
FN:863,(anonymous_84)
FN:869,(anonymous_85)
FN:880,(anonymous_86)
FN:885,(anonymous_87)
FN:891,(anonymous_88)
FN:903,(anonymous_89)
FN:909,(anonymous_90)
FN:915,(anonymous_91)
FN:921,(anonymous_92)
FN:931,(anonymous_93)
FN:943,(anonymous_94)
FN:963,(anonymous_95)
FN:977,FormattingToolbar
FN:985,(anonymous_97)
FN:986,(anonymous_98)
FN:1001,(anonymous_99)
FN:1003,onDown_3
FN:1008,(anonymous_101)
FN:1038,ss
FN:1041,sb
FN:1045,applyTextCommand
FN:1054,(anonymous_105)
FN:1080,(anonymous_106)
FN:1098,(anonymous_107)
FN:1110,(anonymous_108)
FN:1127,(anonymous_109)
FN:1134,(anonymous_110)
FN:1141,(anonymous_111)
FN:1148,(anonymous_112)
FN:1159,(anonymous_113)
FN:1173,(anonymous_114)
FN:1192,(anonymous_115)
FN:1199,(anonymous_116)
FN:1206,(anonymous_117)
FN:1216,(anonymous_118)
FN:1225,(anonymous_119)
FN:1232,(anonymous_120)
FN:1248,(anonymous_121)
FN:1248,(anonymous_122)
FN:1261,(anonymous_123)
FN:1264,(anonymous_124)
FN:1277,(anonymous_125)
FNF:126
FNH:0
FNDA:0,getRenderedBodyFontSize
FNDA:0,(anonymous_1)
FNDA:0,useInlineEditingScope
FNDA:0,runInline
FNDA:0,cycleCase
FNDA:0,(anonymous_5)
FNDA:0,(anonymous_6)
FNDA:0,getToolbarPos
FNDA:0,Sep
FNDA:0,Btn
FNDA:0,(anonymous_10)
FNDA:0,(anonymous_11)
FNDA:0,NumberField
FNDA:0,(anonymous_13)
FNDA:0,commit
FNDA:0,(anonymous_15)
FNDA:0,flushPendingCommit
FNDA:0,(anonymous_17)
FNDA:0,(anonymous_18)
FNDA:0,commitOnOutsidePointerDown
FNDA:0,(anonymous_20)
FNDA:0,(anonymous_21)
FNDA:0,(anonymous_22)
FNDA:0,(anonymous_23)
FNDA:0,(anonymous_24)
FNDA:0,ColorPopover
FNDA:0,(anonymous_26)
FNDA:0,(anonymous_27)
FNDA:0,(anonymous_28)
FNDA:0,(anonymous_29)
FNDA:0,ColorBtn
FNDA:0,(anonymous_31)
FNDA:0,onDown
FNDA:0,(anonymous_33)
FNDA:0,(anonymous_34)
FNDA:0,(anonymous_35)
FNDA:0,(anonymous_36)
FNDA:0,(anonymous_37)
FNDA:0,(anonymous_38)
FNDA:0,LineSpacingBtn
FNDA:0,(anonymous_40)
FNDA:0,(anonymous_41)
FNDA:0,onDown_2
FNDA:0,(anonymous_43)
FNDA:0,(anonymous_44)
FNDA:0,(anonymous_45)
FNDA:0,(anonymous_46)
FNDA:0,(anonymous_47)
FNDA:0,(anonymous_48)
FNDA:0,(anonymous_49)
FNDA:0,(anonymous_50)
FNDA:0,(anonymous_51)
FNDA:0,(anonymous_52)
FNDA:0,(anonymous_53)
FNDA:0,MRow
FNDA:0,MDivider
FNDA:0,MBtn
FNDA:0,(anonymous_57)
FNDA:0,(anonymous_58)
FNDA:0,MSelect
FNDA:0,(anonymous_60)
FNDA:0,MorePanel
FNDA:0,(anonymous_62)
FNDA:0,(anonymous_63)
FNDA:0,(anonymous_64)
FNDA:0,(anonymous_65)
FNDA:0,(anonymous_66)
FNDA:0,(anonymous_67)
FNDA:0,(anonymous_68)
FNDA:0,(anonymous_69)
FNDA:0,clearFormatting
FNDA:0,doCase
FNDA:0,(anonymous_72)
FNDA:0,(anonymous_73)
FNDA:0,(anonymous_74)
FNDA:0,(anonymous_75)
FNDA:0,(anonymous_76)
FNDA:0,(anonymous_77)
FNDA:0,(anonymous_78)
FNDA:0,(anonymous_79)
FNDA:0,(anonymous_80)
FNDA:0,(anonymous_81)
FNDA:0,(anonymous_82)
FNDA:0,(anonymous_83)
FNDA:0,(anonymous_84)
FNDA:0,(anonymous_85)
FNDA:0,(anonymous_86)
FNDA:0,(anonymous_87)
FNDA:0,(anonymous_88)
FNDA:0,(anonymous_89)
FNDA:0,(anonymous_90)
FNDA:0,(anonymous_91)
FNDA:0,(anonymous_92)
FNDA:0,(anonymous_93)
FNDA:0,(anonymous_94)
FNDA:0,(anonymous_95)
FNDA:0,FormattingToolbar
FNDA:0,(anonymous_97)
FNDA:0,(anonymous_98)
FNDA:0,(anonymous_99)
FNDA:0,onDown_3
FNDA:0,(anonymous_101)
FNDA:0,ss
FNDA:0,sb
FNDA:0,applyTextCommand
FNDA:0,(anonymous_105)
FNDA:0,(anonymous_106)
FNDA:0,(anonymous_107)
FNDA:0,(anonymous_108)
FNDA:0,(anonymous_109)
FNDA:0,(anonymous_110)
FNDA:0,(anonymous_111)
FNDA:0,(anonymous_112)
FNDA:0,(anonymous_113)
FNDA:0,(anonymous_114)
FNDA:0,(anonymous_115)
FNDA:0,(anonymous_116)
FNDA:0,(anonymous_117)
FNDA:0,(anonymous_118)
FNDA:0,(anonymous_119)
FNDA:0,(anonymous_120)
FNDA:0,(anonymous_121)
FNDA:0,(anonymous_122)
[...]
DA:272,0
DA:275,0
DA:276,0
DA:277,0
DA:279,0
DA:280,0
DA:282,0
DA:284,0
DA:285,0
DA:286,0
DA:294,0
DA:296,0
DA:297,0
DA:298,0
DA:301,0
DA:302,0
DA:303,0
DA:304,0
DA:305,0
DA:308,0
DA:311,0
DA:312,0
DA:313,0
DA:321,0
DA:322,0
DA:323,0
DA:325,0
DA:328,0
DA:329,0
DA:330,0
DA:334,0
DA:335,0
DA:336,0
DA:338,0
DA:339,0
DA:340,0
DA:341,0
DA:344,0
DA:345,0
DA:346,0
DA:348,0
DA:349,0
DA:350,0
DA:354,0
DA:355,0
DA:356,0
DA:357,0
DA:358,0
DA:359,0
DA:360,0
DA:362,0
DA:363,0
DA:364,0
DA:365,0
DA:367,0
DA:368,0
DA:369,0
DA:373,0
DA:374,0
DA:377,0
DA:378,0
DA:380,0
DA:381,0
DA:382,0
DA:383,0
DA:384,0
DA:385,0
DA:386,0
DA:387,0
DA:388,0
DA:392,0
DA:393,0
DA:394,0
DA:395,0
DA:396,0
DA:398,0
LF:207
LH:0
BRDA:6,0,0,0
BRDA:6,0,1,0
BRDA:6,1,0,0
BRDA:6,1,1,0
BRDA:11,2,0,0
BRDA:11,2,1,0
BRDA:11,3,0,0
BRDA:11,3,1,0
BRDA:12,4,0,0
BRDA:12,4,1,0
BRDA:16,5,0,0
BRDA:16,5,1,0
BRDA:16,6,0,0
BRDA:16,6,1,0
BRDA:18,7,0,0
BRDA:18,7,1,0
BRDA:18,8,0,0
BRDA:18,8,1,0
BRDA:19,9,0,0
BRDA:19,9,1,0
BRDA:23,10,0,0
BRDA:23,10,1,0
BRDA:25,11,0,0
BRDA:25,11,1,0
BRDA:25,12,0,0
BRDA:25,12,1,0
BRDA:27,13,0,0
BRDA:27,13,1,0
BRDA:31,14,0,0
BRDA:31,14,1,0
BRDA:31,15,0,0
BRDA:31,15,1,0
BRDA:31,15,2,0
BRDA:33,16,0,0
BRDA:33,16,1,0
BRDA:38,17,0,0
BRDA:38,17,1,0
BRDA:38,18,0,0
BRDA:38,18,1,0
BRDA:48,19,0,0
BRDA:48,19,1,0
BRDA:48,20,0,0
BRDA:48,20,1,0
BRDA:48,20,2,0
BRDA:48,20,3,0
BRDA:50,21,0,0
BRDA:50,21,1,0
BRDA:54,22,0,0
BRDA:54,22,1,0
BRDA:54,23,0,0
BRDA:54,23,1,0
BRDA:55,24,0,0
BRDA:55,24,1,0
BRDA:57,25,0,0
BRDA:57,25,1,0
BRDA:60,26,0,0
BRDA:60,26,1,0
BRDA:62,27,0,0
BRDA:62,27,1,0
BRDA:62,28,0,0
BRDA:62,28,1,0
BRDA:63,29,0,0
BRDA:63,29,1,0
BRDA:64,30,0,0
BRDA:64,30,1,0
BRDA:65,31,0,0
BRDA:65,31,1,0
BRDA:67,32,0,0
BRDA:67,32,1,0
BRDA:87,33,0,0
BRDA:87,33,1,0
BRDA:89,34,0,0
BRDA:89,34,1,0
BRDA:90,35,0,0
BRDA:90,35,1,0
BRDA:91,36,0,0
BRDA:91,36,1,0
BRDA:95,37,0,0
BRDA:95,37,1,0
BRDA:99,38,0,0
BRDA:99,38,1,0
BRDA:104,39,0,0
BRDA:104,39,1,0
BRDA:107,40,0,0
BRDA:111,41,0,0
BRDA:112,42,0,0
BRDA:112,42,1,0
BRDA:113,43,0,0
BRDA:113,43,1,0
BRDA:116,44,0,0
BRDA:117,45,0,0
BRDA:117,45,1,0
BRDA:118,46,0,0
BRDA:118,46,1,0
BRDA:119,47,0,0
BRDA:119,47,1,0
BRDA:128,48,0,0
BRDA:128,49,0,0
BRDA:130,50,0,0
BRDA:130,50,1,0
BRDA:131,51,0,0
BRDA:131,51,1,0
BRDA:131,52,0,0
BRDA:131,52,1,0
BRDA:131,52,2,0
BRDA:132,53,0,0
BRDA:132,53,1,0
BRDA:132,54,0,0
BRDA:132,54,1,0
BRDA:133,55,0,0
BRDA:133,55,1,0
BRDA:138,56,0,0
BRDA:138,56,1,0
BRDA:138,57,0,0
BRDA:138,57,1,0
BRDA:149,58,0,0
BRDA:150,59,0,0
BRDA:150,59,1,0
BRDA:153,60,0,0
BRDA:153,60,1,0
BRDA:155,61,0,0
BRDA:155,61,1,0
BRDA:155,62,0,0
BRDA:155,62,1,0
BRDA:158,63,0,0
BRDA:158,63,1,0
BRDA:166,64,0,0
BRDA:171,65,0,0
BRDA:171,65,1,0
BRDA:176,66,0,0
BRDA:176,66,1,0
BRDA:177,67,0,0
BRDA:177,67,1,0
BRDA:178,68,0,0
BRDA:178,68,1,0
BRDA:179,69,0,0
BRDA:179,69,1,0
BRDA:180,70,0,0
BRDA:180,70,1,0
BRDA:181,71,0,0
BRDA:181,71,1,0
BRDA:182,72,0,0
BRDA:182,72,1,0
BRDA:183,73,0,0
BRDA:183,73,1,0
BRDA:184,74,0,0
BRDA:184,74,1,0
BRDA:185,75,0,0
BRDA:185,75,1,0
BRDA:188,76,0,0
BRDA:189,77,0,0
BRDA:189,77,1,0
BRDA:189,78,0,0
BRDA:189,78,1,0
BRDA:192,79,0,0
BRDA:192,79,1,0
BRDA:199,80,0,0
BRDA:199,80,1,0
BRDA:203,81,0,0
BRDA:203,81,1,0
BRDA:206,82,0,0
BRDA:206,82,1,0
BRDA:206,83,0,0
BRDA:206,83,1,0
BRDA:213,84,0,0
BRDA:213,84,1,0
BRDA:218,85,0,0
BRDA:219,86,0,0
BRDA:222,87,0,0
BRDA:222,87,1,0
BRDA:222,88,0,0
BRDA:222,88,1,0
BRDA:227,89,0,0
BRDA:227,89,1,0
BRDA:229,90,0,0
BRDA:229,90,1,0
BRDA:230,91,0,0
BRDA:230,91,1,0
BRDA:230,91,2,0
BRDA:232,92,0,0
BRDA:232,92,1,0
BRDA:232,93,0,0
BRDA:232,93,1,0
BRDA:256,94,0,0
BRDA:257,95,0,0
BRDA:259,96,0,0
BRDA:259,96,1,0
BRDA:261,97,0,0
BRDA:261,97,1,0
BRDA:266,98,0,0
BRDA:266,98,1,0
BRDA:267,99,0,0
BRDA:267,99,1,0
BRDA:267,99,2,0
BRDA:269,100,0,0
BRDA:269,100,1,0
BRDA:269,101,0,0
BRDA:269,101,1,0
BRDA:291,102,0,0
BRDA:292,103,0,0
BRDA:294,104,0,0
BRDA:294,104,1,0
BRDA:296,105,0,0
BRDA:296,105,1,0
BRDA:297,106,0,0
BRDA:297,106,1,0
BRDA:301,107,0,0
BRDA:301,107,1,0
BRDA:304,108,0,0
BRDA:304,108,1,0
BRDA:318,109,0,0
BRDA:319,110,0,0
BRDA:321,111,0,0
BRDA:321,111,1,0
BRDA:321,112,0,0
BRDA:321,112,1,0
BRDA:322,113,0,0
BRDA:322,113,1,0
BRDA:322,114,0,0
BRDA:322,114,1,0
BRDA:325,115,0,0
BRDA:325,115,1,0
BRDA:333,116,0,0
BRDA:334,117,0,0
BRDA:334,117,1,0
BRDA:334,118,0,0
BRDA:334,118,1,0
BRDA:335,119,0,0
BRDA:335,119,1,0
BRDA:335,120,0,0
BRDA:335,120,1,0
BRDA:340,121,0,0
BRDA:340,121,1,0
BRDA:353,122,0,0
BRDA:355,123,0,0
BRDA:355,123,1,0
BRDA:355,124,0,0
BRDA:355,124,1,0
BRDA:355,124,2,0
BRDA:357,125,0,0
BRDA:357,125,1,0
BRDA:357,125,2,0
BRDA:372,126,0,0
BRDA:373,127,0,0
BRDA:373,127,1,0
BRDA:373,128,0,0
BRDA:373,128,1,0
BRDA:378,129,0,0
BRDA:378,129,1,0
BRDA:380,130,0,0
BRDA:380,130,1,0
BRDA:380,131,0,0
BRDA:380,131,1,0
BRDA:381,132,0,0
BRDA:381,132,1,0
BRDA:381,133,0,0
BRDA:381,133,1,0
BRDA:382,134,0,0
BRDA:382,134,1,0
BRDA:382,135,0,0
BRDA:382,135,1,0
BRDA:383,136,0,0
BRDA:383,136,1,0
BRDA:383,137,0,0
BRDA:383,137,1,0
BRDA:384,138,0,0
BRDA:384,138,1,0
BRDA:384,139,0,0
BRDA:384,139,1,0
BRDA:385,140,0,0
BRDA:385,140,1,0
BRDA:385,141,0,0
BRDA:385,141,1,0
BRDA:386,142,0,0
BRDA:386,142,1,0
BRDA:386,143,0,0
BRDA:386,143,1,0
BRDA:387,144,0,0
BRDA:387,144,1,0
BRDA:387,145,0,0
BRDA:387,145,1,0
BRDA:391,146,0,0
BRDA:392,147,0,0
BRDA:392,147,1,0
BRDA:392,148,0,0
BRDA:392,148,1,0
BRDA:393,149,0,0
BRDA:393,149,1,0
BRDA:393,150,0,0
BRDA:393,150,1,0
BRDA:396,151,0,0
BRDA:396,151,1,0
BRF:292
BRH:0
end_of_record
TN:
SF:src/utils/sectionTypes.js
FN:18,getSectionType
FN:19,(anonymous_1)
FN:22,hexToHsl
FN:55,hexToRgb
FN:65,getSectionColor
FN:73,withColorAlpha
FN:131,normalizeSectionType
FN:137,isKnownSectionType
FN:141,getSectionTypeMeta
FN:145,getSectionTypeLabel
FN:149,getSectionContentLabel
FN:153,createTextSlide
FN:190,createMediaSlide
FN:207,createSection
FN:221,isMediaSlide
FN:225,promptForSectionSetup
FN:237,(anonymous_16)
FNF:17
FNH:8
FNDA:2,getSectionType
FNDA:5,(anonymous_1)
FNDA:0,hexToHsl
FNDA:0,hexToRgb
FNDA:0,getSectionColor
FNDA:0,withColorAlpha
FNDA:27,normalizeSectionType
FNDA:5,isKnownSectionType
FNDA:9,getSectionTypeMeta
FNDA:3,getSectionTypeLabel
FNDA:6,getSectionContentLabel
FNDA:0,createTextSlide
FNDA:0,createMediaSlide
FNDA:0,createSection
FNDA:13,isMediaSlide
FNDA:0,promptForSectionSetup
FNDA:0,(anonymous_16)
DA:5,5
DA:19,5
DA:23,0
DA:24,0
DA:25,0
DA:26,0
DA:27,0
DA:29,0
DA:30,0
DA:31,0
DA:32,0
DA:33,0
DA:35,0
DA:36,0
DA:37,0
DA:38,0
DA:40,0
DA:41,0
DA:43,0
DA:44,0
DA:46,0
DA:47,0
DA:49,0
DA:52,0
DA:56,0
DA:57,0
DA:58,0
DA:66,0
DA:67,0
DA:68,0
DA:69,0
DA:70,0
DA:74,0
DA:75,0
DA:77,0
DA:78,0
DA:81,0
DA:82,0
DA:83,0
DA:86,0
DA:110,5
DA:132,27
DA:133,7
DA:134,6
DA:138,5
DA:142,9
DA:146,3
DA:150,6
DA:154,0
DA:155,0
DA:170,0
DA:184,0
DA:191,0
DA:208,0
DA:209,0
DA:222,13
DA:226,0
DA:227,0
DA:228,0
DA:230,0
DA:231,0
DA:232,0
DA:237,0
DA:243,0
DA:251,0
DA:260,0
DA:262,0
DA:263,0
DA:264,0
DA:266,0
LF:70
LH:11
BRDA:19,0,0,2
BRDA:19,0,1,0
BRDA:23,1,0,0
BRDA:23,1,1,0
BRDA:35,2,0,0
BRDA:35,2,1,0
BRDA:37,3,0,0
BRDA:37,3,1,0
BRDA:38,4,0,0
BRDA:38,4,1,0
BRDA:38,4,2,0
BRDA:40,5,0,0
BRDA:40,5,1,0
BRDA:56,6,0,0
BRDA:56,6,1,0
BRDA:65,7,0,0
BRDA:68,8,0,0
BRDA:68,8,1,0
BRDA:73,9,0,0
BRDA:74,10,0,0
BRDA:74,10,1,0
BRDA:77,11,0,0
BRDA:77,11,1,0
BRDA:77,12,0,0
BRDA:77,12,1,0
BRDA:81,13,0,0
BRDA:81,13,1,0
BRDA:132,14,0,20
BRDA:132,14,1,7
BRDA:133,15,0,1
BRDA:133,15,1,6
BRDA:153,16,0,0
BRDA:153,17,0,0
BRDA:157,18,0,0
BRDA:157,18,1,0
BRDA:158,19,0,0
BRDA:158,19,1,0
BRDA:159,20,0,0
BRDA:159,20,1,0
BRDA:160,21,0,0
BRDA:160,21,1,0
BRDA:161,22,0,0
BRDA:161,22,1,0
BRDA:162,23,0,0
BRDA:162,23,1,0
BRDA:170,24,0,0
BRDA:170,24,1,0
BRDA:170,25,0,0
BRDA:170,25,1,0
BRDA:190,26,0,0
BRDA:194,27,0,0
BRDA:194,27,1,0
BRDA:194,27,2,0
BRDA:198,28,0,0
BRDA:198,28,1,0
BRDA:198,28,2,0
BRDA:207,29,0,0
BRDA:207,30,0,0
BRDA:207,31,0,0
BRDA:211,32,0,0
BRDA:211,32,1,0
BRDA:213,33,0,0
BRDA:213,33,1,0
BRDA:215,34,0,0
BRDA:215,34,1,0
BRDA:216,35,0,0
BRDA:216,35,1,0
BRDA:222,36,0,13
BRDA:222,36,1,4
BRDA:225,37,0,0
BRDA:226,38,0,0
BRDA:226,38,1,0
BRDA:231,39,0,0
BRDA:231,39,1,0
BRDA:252,40,0,0
BRDA:252,40,1,0
BRDA:260,41,0,0
BRDA:260,41,1,0
BRDA:260,42,0,0
BRDA:260,42,1,0
BRDA:262,43,0,0
BRDA:262,43,1,0
BRDA:264,44,0,0
BRDA:264,44,1,0
BRDA:264,45,0,0
BRDA:264,45,1,0
BRF:86
BRH:7
end_of_record
TN:
SF:src/utils/slideMarkup.js
FN:3,normalizeEntities
FN:10,escapeHtml
FN:14,slideBodyToHtml
FN:25,slideBodyToPlainText
FNF:4
FNH:0
FNDA:0,normalizeEntities
FNDA:0,escapeHtml
FNDA:0,slideBodyToHtml
FNDA:0,slideBodyToPlainText
DA:1,0
DA:4,0
DA:11,0
DA:15,0
DA:16,0
DA:18,0
DA:19,0
DA:22,0
DA:26,0
DA:27,0
DA:29,0
LF:11
LH:0
BRDA:4,0,0,0
BRDA:4,0,1,0
BRDA:16,1,0,0
BRDA:16,1,1,0
BRDA:18,2,0,0
BRDA:18,2,1,0
BRDA:27,3,0,0
BRDA:27,3,1,0
BRF:8
BRH:0
end_of_record
TN:
SF:src/utils/slideParser.js
FN:3,parseSongGroups
FN:7,parseSlides
FNF:2
FNH:0
FNDA:0,parseSongGroups
FNDA:0,parseSlides
DA:4,0
DA:8,0
LF:2
LH:0
BRF:0
BRH:0
end_of_record
TN:
SF:src/utils/songSections.js
FN:7,stripBrackets
FN:13,toArray
FN:26,toTitleCase
FN:30,(anonymous_3)
FN:34,resolveSongSectionType
FN:44,makeSongGroupLabel
FN:52,createSongSectionGroup
FN:57,(anonymous_7)
FN:64,splitTextIntoSlidesByLineCount
FN:68,(anonymous_9)
FN:81,parseSongGroupsFromLyrics
FN:89,ensureGroup
FN:96,flushSlide
FN:132,(anonymous_13)
FN:135,parseRawSongSlides
FN:145,parseRawSongArrangement
FN:149,parseRawSongGroups
FN:153,normalizeSongGroupsFromSlides
FN:188,normalizeSectionSongOrder
FN:192,normalizeSectionSongGroups
FN:194,(anonymous_20)
FN:204,getSlideGroupId
FN:208,getSlideGroupSignature
FN:212,normalizeSongArrangement
FN:214,(anonymous_24)
FN:217,(anonymous_25)
FN:218,(anonymous_26)
FN:237,getSongGroupsAndArrangement
FN:238,(anonymous_28)
FN:254,(anonymous_29)
FN:258,(anonymous_30)
FN:269,getSongSectionGroupsAndArrangement
FN:276,(anonymous_32)
FN:278,(anonymous_33)
FN:296,(anonymous_34)
FN:321,(anonymous_35)
FN:357,flattenSongGroupsToSlides
FN:365,(anonymous_37)
FN:368,(anonymous_38)
FN:376,(anonymous_39)
FN:379,(anonymous_40)
FN:383,(anonymous_41)
FN:405,getOrderedSongSlides
FNF:43
FNH:9
FNDA:7,stripBrackets
FNDA:0,toArray
FNDA:0,toTitleCase
FNDA:0,(anonymous_3)
FNDA:13,resolveSongSectionType
FNDA:9,makeSongGroupLabel
FNDA:3,createSongSectionGroup
FNDA:0,(anonymous_7)
FNDA:6,splitTextIntoSlidesByLineCount
FNDA:17,(anonymous_9)
FNDA:4,parseSongGroupsFromLyrics
FNDA:0,ensureGroup
FNDA:10,flushSlide
FNDA:3,(anonymous_13)
FNDA:0,parseRawSongSlides
FNDA:0,parseRawSongArrangement
FNDA:0,parseRawSongGroups
FNDA:0,normalizeSongGroupsFromSlides
FNDA:0,normalizeSectionSongOrder
FNDA:0,normalizeSectionSongGroups
FNDA:0,(anonymous_20)
FNDA:0,getSlideGroupId
FNDA:0,getSlideGroupSignature
FNDA:0,normalizeSongArrangement
FNDA:0,(anonymous_24)
FNDA:0,(anonymous_25)
FNDA:0,(anonymous_26)
FNDA:0,getSongGroupsAndArrangement
FNDA:0,(anonymous_28)
FNDA:0,(anonymous_29)
FNDA:0,(anonymous_30)
FNDA:0,getSongSectionGroupsAndArrangement
FNDA:0,(anonymous_32)
FNDA:0,(anonymous_33)
FNDA:0,(anonymous_34)
FNDA:0,(anonymous_35)
FNDA:0,flattenSongGroupsToSlides
FNDA:0,(anonymous_37)
FNDA:0,(anonymous_38)
FNDA:0,(anonymous_39)
FNDA:0,(anonymous_40)
FNDA:0,(anonymous_41)
FNDA:0,getOrderedSongSlides
DA:5,1
DA:8,7
DA:14,0
DA:15,0
DA:16,0
DA:17,0
DA:18,0
DA:20,0
DA:23,0
DA:27,0
DA:30,0
DA:35,13
DA:39,13
DA:40,11
DA:41,8
DA:45,9
DA:47,2
DA:48,2
DA:49,9
DA:53,3
DA:57,0
DA:65,6
DA:68,17
DA:71,6
DA:73,4
DA:74,4
DA:75,7
DA:78,4
DA:82,4
DA:85,4
DA:86,4
DA:87,4
DA:90,0
DA:91,0
DA:92,0
DA:93,0
DA:97,10
DA:98,3
DA:102,3
DA:105,4
DA:106,10
DA:107,10
DA:109,10
DA:110,3
DA:111,3
DA:112,3
DA:113,3
DA:114,3
DA:115,3
DA:118,7
DA:119,3
DA:120,3
DA:123,4
DA:124,0
DA:125,0
DA:128,4
DA:131,4
DA:132,4
DA:136,0
DA:137,0
DA:138,0
DA:139,0
DA:141,0
DA:146,0
DA:150,0
DA:154,0
DA:155,0
DA:157,0
DA:158,0
DA:160,0
DA:161,0
DA:164,0
DA:168,0
DA:169,0
DA:173,0
DA:176,0
DA:182,0
DA:185,0
DA:189,0
DA:193,0
DA:194,0
DA:195,0
DA:205,0
DA:209,0
DA:213,0
DA:214,0
DA:215,0
DA:216,0
DA:217,0
DA:218,0
DA:219,0
DA:223,0
DA:224,0
DA:225,0
DA:226,0
DA:227,0
DA:230,0
DA:231,0
DA:234,0
DA:238,0
DA:239,0
DA:246,0
DA:248,0
DA:253,0
DA:254,0
DA:255,0
DA:258,0
DA:263,0
DA:264,0
DA:265,0
DA:266,0
DA:270,0
DA:271,0
DA:273,0
DA:275,0
DA:276,0
DA:277,0
DA:278,0
DA:281,0
DA:287,0
DA:288,0
DA:289,0
DA:290,0
DA:291,0
DA:292,0
DA:294,0
DA:296,0
DA:297,0
DA:298,0
DA:300,0
DA:305,0
DA:312,0
DA:315,0
DA:321,0
DA:322,0
DA:323,0
DA:324,0
DA:325,0
DA:327,0
DA:328,0
DA:330,0
DA:331,0
DA:334,0
DA:335,0
DA:341,0
DA:342,0
DA:343,0
DA:344,0
DA:348,0
DA:351,0
DA:363,0
DA:365,0
DA:368,0
DA:373,0
DA:376,0
DA:377,0
DA:379,0
DA:380,0
DA:381,0
DA:383,0
DA:384,0
DA:398,0
DA:406,0
DA:407,0
LF:164
LH:42
BRDA:7,0,0,7
BRDA:14,1,0,0
BRDA:14,1,1,0
BRDA:15,2,0,0
BRDA:15,2,1,0
BRDA:18,3,0,0
BRDA:18,3,1,0
BRDA:26,4,0,0
BRDA:34,5,0,13
BRDA:39,6,0,2
BRDA:39,6,1,11
BRDA:40,7,0,3
BRDA:40,7,1,8
BRDA:40,8,0,11
BRDA:40,8,1,10
BRDA:40,8,2,9
BRDA:44,9,0,9
BRDA:44,10,0,9
BRDA:45,11,0,7
BRDA:45,11,1,2
BRDA:48,12,0,2
BRDA:48,12,1,0
BRDA:49,13,0,1
BRDA:49,13,1,1
BRDA:52,14,0,3
BRDA:52,15,0,3
BRDA:52,16,0,3
BRDA:52,17,0,3
BRDA:58,18,0,0
BRDA:58,18,1,0
BRDA:59,19,0,0
BRDA:59,19,1,0
BRDA:64,20,0,6
BRDA:64,21,0,6
BRDA:65,22,0,6
BRDA:65,22,1,1
BRDA:71,23,0,2
BRDA:71,23,1,4
BRDA:81,24,0,4
BRDA:82,25,0,4
BRDA:82,25,1,2
BRDA:89,26,0,0
BRDA:89,27,0,0
BRDA:90,28,0,0
BRDA:90,28,1,0
BRDA:97,29,0,7
BRDA:97,29,1,3
BRDA:97,30,0,10
BRDA:97,30,1,4
BRDA:109,31,0,3
BRDA:109,31,1,7
BRDA:111,32,0,3
BRDA:118,33,0,3
BRDA:118,33,1,4
BRDA:123,34,0,0
BRDA:123,34,1,4
BRDA:138,35,0,0
BRDA:138,35,1,0
BRDA:139,36,0,0
BRDA:139,36,1,0
BRDA:146,37,0,0
BRDA:146,37,1,0
BRDA:150,38,0,0
BRDA:150,38,1,0
BRDA:153,39,0,0
BRDA:158,40,0,0
BRDA:158,40,1,0
BRDA:160,41,0,0
BRDA:160,41,1,0
BRDA:160,41,2,0
BRDA:161,42,0,0
BRDA:161,42,1,0
BRDA:161,42,2,0
BRDA:164,43,0,0
BRDA:164,43,1,0
BRDA:164,43,2,0
BRDA:164,43,3,0
BRDA:164,43,4,0
BRDA:164,43,5,0
BRDA:168,44,0,0
BRDA:168,44,1,0
BRDA:170,45,0,0
BRDA:170,45,1,0
BRDA:171,46,0,0
BRDA:171,46,1,0
BRDA:179,47,0,0
BRDA:179,47,1,0
BRDA:179,48,0,0
BRDA:179,48,1,0
BRDA:180,49,0,0
BRDA:180,49,1,0
BRDA:196,50,0,0
BRDA:196,50,1,0
BRDA:197,51,0,0
BRDA:197,51,1,0
BRDA:198,52,0,0
BRDA:198,52,1,0
BRDA:199,53,0,0
BRDA:199,53,1,0
BRDA:205,54,0,0
BRDA:205,54,1,0
BRDA:205,54,2,0
BRDA:209,55,0,0
BRDA:209,55,1,0
BRDA:209,56,0,0
BRDA:209,56,1,0
BRDA:212,57,0,0
BRDA:212,58,0,0
BRDA:212,59,0,0
BRDA:213,60,0,0
BRDA:224,61,0,0
BRDA:224,61,1,0
BRDA:225,62,0,0
BRDA:225,62,1,0
BRDA:226,63,0,0
BRDA:226,63,1,0
BRDA:230,64,0,0
BRDA:230,64,1,0
BRDA:230,65,0,0
BRDA:230,65,1,0
BRDA:240,66,0,0
BRDA:240,66,1,0
BRDA:241,67,0,0
BRDA:241,67,1,0
BRDA:242,68,0,0
BRDA:242,68,1,0
BRDA:243,69,0,0
BRDA:243,69,1,0
BRDA:248,70,0,0
BRDA:248,70,1,0
BRDA:248,70,2,0
BRDA:248,70,3,0
BRDA:253,71,0,0
BRDA:253,71,1,0
BRDA:257,72,0,0
BRDA:257,72,1,0
BRDA:273,73,0,0
BRDA:273,73,1,0
BRDA:275,74,0,0
BRDA:275,74,1,0
BRDA:277,75,0,0
BRDA:277,75,1,0
BRDA:287,76,0,0
BRDA:287,76,1,0
BRDA:300,77,0,0
BRDA:300,77,1,0
BRDA:301,78,0,0
BRDA:301,78,1,0
BRDA:301,78,2,0
BRDA:308,79,0,0
BRDA:308,79,1,0
BRDA:309,80,0,0
BRDA:309,80,1,0
BRDA:309,81,0,0
BRDA:309,81,1,0
BRDA:316,82,0,0
BRDA:316,82,1,0
BRDA:317,83,0,0
BRDA:317,83,1,0
BRDA:322,84,0,0
BRDA:322,84,1,0
BRDA:323,85,0,0
BRDA:323,85,1,0
BRDA:325,86,0,0
BRDA:325,86,1,0
BRDA:327,87,0,0
BRDA:327,87,1,0
BRDA:328,88,0,0
BRDA:328,88,1,0
BRDA:330,89,0,0
BRDA:330,89,1,0
BRDA:334,90,0,0
BRDA:334,90,1,0
BRDA:343,91,0,0
BRDA:343,91,1,0
BRDA:357,92,0,0
BRDA:357,93,0,0
BRDA:357,94,0,0
BRDA:359,95,0,0
BRDA:360,96,0,0
BRDA:361,97,0,0
BRDA:362,98,0,0
BRDA:367,99,0,0
BRDA:367,99,1,0
BRDA:367,100,0,0
BRDA:367,100,1,0
BRDA:368,101,0,0
BRDA:368,101,1,0
BRDA:369,102,0,0
BRDA:369,102,1,0
BRDA:369,103,0,0
BRDA:369,103,1,0
BRDA:370,104,0,0
BRDA:370,104,1,0
BRDA:381,105,0,0
BRDA:381,105,1,0
BRDA:392,106,0,0
BRDA:392,106,1,0
BRDA:405,107,0,0
BRF:199
BRH:39
end_of_record
TN:
SF:src/utils/textBoxes.js
FN:64,mergeTextStyle
FN:70,internalToDisplayFontSize
FN:76,displayToInternalFontSize
FN:83,mergeTextBox
FN:87,resolvePlaceholderText
FN:92,getDefaultAutoFitMode
FN:97,isLegacyDefaultFrame
FN:107,upgradeLegacyFrame
FN:120,legacyTextBoxId
FN:124,createTextBox
FN:142,normalizeTextBox
FN:159,getSlideTextBoxes
FN:164,(anonymous_12)
FN:165,(anonymous_13)
FN:186,syncLegacyTextFields
FN:196,(anonymous_15)
FN:209,withUpdatedSlideTextBoxes
FN:211,(anonymous_17)
FN:217,findTextBox
FN:218,(anonymous_19)
FN:221,legacyFrameFromTextBox
FN:226,createDefaultTextBoxForSlide
FN:236,reorderTextBoxes
FN:238,(anonymous_23)
FN:239,(anonymous_24)
FNF:25
FNH:16
FNDA:55,mergeTextStyle
FNDA:7,internalToDisplayFontSize
FNDA:3,displayToInternalFontSize
FNDA:48,mergeTextBox
FNDA:29,resolvePlaceholderText
FNDA:15,getDefaultAutoFitMode
FNDA:42,isLegacyDefaultFrame
FNDA:42,upgradeLegacyFrame
FNDA:15,legacyTextBoxId
FNDA:0,createTextBox
FNDA:27,normalizeTextBox
FNDA:21,getSlideTextBoxes
FNDA:6,(anonymous_12)
FNDA:0,(anonymous_13)
FNDA:21,syncLegacyTextFields
FNDA:0,(anonymous_15)
FNDA:6,withUpdatedSlideTextBoxes
FNDA:6,(anonymous_17)
FNDA:0,findTextBox
FNDA:0,(anonymous_19)
FNDA:21,legacyFrameFromTextBox
FNDA:0,createDefaultTextBoxForSlide
FNDA:0,reorderTextBoxes
FNDA:0,(anonymous_23)
FNDA:0,(anonymous_24)
DA:3,6
DA:4,6
DA:5,6
DA:7,6
DA:27,6
DA:34,6
DA:65,55
DA:66,55
DA:67,55
DA:71,7
DA:72,7
DA:73,7
DA:77,3
DA:79,3
DA:80,3
DA:84,48
DA:88,29
DA:89,13
DA:93,15
DA:94,15
DA:98,42
DA:108,42
DA:121,15
DA:125,0
DA:127,0
DA:128,0
DA:133,0
DA:143,27
DA:144,27
DA:146,27
DA:160,21
DA:162,21
DA:163,6
DA:164,6
DA:165,0
DA:168,15
DA:170,21
DA:187,21
DA:188,0
DA:196,21
DA:197,21
DA:199,21
DA:210,6
DA:211,6
DA:212,6
DA:214,6
DA:218,0
DA:222,21
DA:223,21
DA:227,0
DA:237,0
DA:238,0
DA:239,0
LF:53
LH:42
BRDA:64,0,0,55
BRDA:65,1,0,55
BRDA:65,1,1,1
BRDA:66,2,0,1
BRDA:66,2,1,54
BRDA:70,3,0,7
BRDA:72,4,0,3
BRDA:72,4,1,4
BRDA:72,5,0,7
BRDA:72,5,1,5
BRDA:76,6,0,3
BRDA:79,7,0,3
BRDA:79,7,1,0
BRDA:79,8,0,3
BRDA:79,8,1,3
BRDA:83,9,0,48
BRDA:84,10,0,48
BRDA:84,10,1,0
BRDA:87,11,0,29
BRDA:88,12,0,16
BRDA:88,12,1,13
BRDA:89,13,0,0
BRDA:89,13,1,13
BRDA:93,14,0,0
BRDA:93,14,1,15
BRDA:94,15,0,0
BRDA:94,15,1,15
BRDA:97,16,0,42
BRDA:99,17,0,42
BRDA:99,17,1,42
BRDA:99,17,2,0
BRDA:99,17,3,0
BRDA:99,17,4,0
BRDA:107,18,0,42
BRDA:108,19,0,0
BRDA:108,19,1,42
BRDA:121,20,0,15
BRDA:121,20,1,0
BRDA:124,21,0,0
BRDA:124,22,0,0
BRDA:125,23,0,0
BRDA:125,23,1,0
BRDA:129,24,0,0
BRDA:129,24,1,0
BRDA:129,24,2,0
BRDA:134,25,0,0
BRDA:134,25,1,0
BRDA:135,26,0,0
BRDA:135,26,1,0
BRDA:142,27,0,27
BRDA:143,28,0,27
BRDA:143,28,1,0
BRDA:144,29,0,27
BRDA:144,29,1,0
BRDA:147,30,0,27
BRDA:147,30,1,0
BRDA:147,31,0,0
BRDA:147,31,1,0
BRDA:148,32,0,27
BRDA:148,32,1,0
BRDA:152,33,0,27
BRDA:152,33,1,0
BRDA:153,34,0,27
BRDA:153,34,1,15
BRDA:160,35,0,0
BRDA:160,35,1,21
BRDA:160,36,0,21
BRDA:160,36,1,21
BRDA:162,37,0,6
BRDA:162,37,1,15
BRDA:162,38,0,21
BRDA:162,38,1,6
BRDA:165,39,0,0
BRDA:165,39,1,0
BRDA:165,40,0,0
BRDA:165,40,1,0
BRDA:168,41,0,15
BRDA:168,41,1,15
BRDA:174,42,0,21
BRDA:174,42,1,0
BRDA:178,43,0,21
BRDA:178,43,1,15
BRDA:186,44,0,21
BRDA:187,45,0,0
BRDA:187,45,1,21
BRDA:187,46,0,21
BRDA:187,46,1,21
BRDA:196,47,0,0
BRDA:196,47,1,0
BRDA:196,48,0,0
BRDA:196,48,1,0
BRDA:197,49,0,21
BRDA:197,49,1,0
BRDA:212,50,0,6
BRDA:212,50,1,0
BRDA:218,51,0,0
BRDA:218,51,1,0
BRDA:221,52,0,21
BRDA:222,53,0,21
BRDA:222,53,1,0
BRDA:226,54,0,0
BRDA:229,55,0,0
BRDA:229,55,1,0
BRDA:238,56,0,0
BRDA:238,56,1,0
BRDA:238,57,0,0
BRDA:238,57,1,0
BRF:107
BRH:56
end_of_record
TN:
SF:src/utils/unsavedChanges.js
FN:4,resolveUnsavedChanges
FNF:1
FNH:0
FNDA:0,resolveUnsavedChanges
DA:12,0
DA:14,0
DA:18,0
DA:28,0
DA:29,0
DA:31,0
DA:32,0
DA:33,0
DA:34,0
DA:37,0
DA:39,0
DA:40,0
DA:41,0
DA:45,0
DA:46,0
DA:47,0
DA:48,0
DA:51,0
DA:55,0
DA:56,0
DA:57,0
LF:21
LH:0
BRDA:10,0,0,0
BRDA:12,1,0,0
BRDA:12,1,1,0
BRDA:12,2,0,0
BRDA:12,2,1,0
BRDA:12,2,2,0
BRDA:14,3,0,0
BRDA:14,3,1,0
BRDA:29,4,0,0
BRDA:29,4,1,0
BRDA:29,5,0,0
BRDA:29,5,1,0
BRDA:31,6,0,0
BRDA:31,6,1,0
BRDA:33,7,0,0
BRDA:33,7,1,0
BRDA:34,8,0,0
BRDA:34,8,1,0
BRDA:45,9,0,0
BRDA:45,9,1,0
BRDA:45,10,0,0
BRDA:45,10,1,0
BRDA:47,11,0,0
BRDA:47,11,1,0
BRDA:48,12,0,0
BRDA:48,12,1,0
BRF:26
BRH:0
end_of_record
TN:
SF:src/utils/uuid.js
FN:1,uuid
FNF:1
FNH:1
FNDA:6,uuid
DA:2,6
LF:1
LH:1
BRF:0
BRH:0
end_of_record
